# JRE version: OpenJDK Runtime Environment (17.0.10) (build 17.0.10+0--11609105)
# Java VM: OpenJDK 64-Bit Server VM (17.0.10+0--11609105, mixed mode, tiered, compressed oops, compressed class ptrs, g1 gc, windows-amd64)
GC Precious Log:
 CPUs: 4 total, 4 available
 Memory: 3891M
 Large Page Support: Disabled
 NUMA Support: Disabled
 Compressed Oops: Enabled (32-bit)
 Heap Region Size: 1M
 Heap Min Capacity: 8M
 Heap Initial Capacity: 62M
 Heap Max Capacity: 2G
 Pre-touch: Disabled
 Parallel Workers: 4
 Concurrent Workers: 1
 Concurrent Refinement Workers: 4
 Periodic GC: Disabled
Heap:
 garbage-first heap   total 408576K, used 231233K [0x0000000080000000, 0x0000000100000000)
  region size 1024K, 1 young (1024K), 1 survivors (1024K)
 Metaspace       used 134461K, committed 135488K, reserved 1179648K
  class space    used 18300K, committed 18816K, reserved 1048576K
GC Heap History (20 events):
Event: 54.686 GC heap after
{Heap after GC invocations=73 (full 0):
 garbage-first heap   total 291840K, used 171127K [0x0000000080000000, 0x0000000100000000)
  region size 1024K, 5 young (5120K), 5 survivors (5120K)
 Metaspace       used 122580K, committed 123456K, reserved 1179648K
  class space    used 16844K, committed 17280K, reserved 1048576K
}
Event: 57.791 GC heap before
{Heap before GC invocations=73 (full 0):
 garbage-first heap   total 291840K, used 244855K [0x0000000080000000, 0x0000000100000000)
  region size 1024K, 78 young (79872K), 5 survivors (5120K)
 Metaspace       used 124149K, committed 125120K, reserved 1179648K
  class space    used 17011K, committed 17472K, reserved 1048576K
}
Event: 57.808 GC heap after
{Heap after GC invocations=74 (full 0):
 garbage-first heap   total 291840K, used 174168K [0x0000000080000000, 0x0000000100000000)
  region size 1024K, 8 young (8192K), 8 survivors (8192K)
 Metaspace       used 124149K, committed 125120K, reserved 1179648K
  class space    used 17011K, committed 17472K, reserved 1048576K
}
Event: 125.791 GC heap before
{Heap before GC invocations=75 (full 0):
 garbage-first heap   total 296960K, used 244824K [0x0000000080000000, 0x0000000100000000)
  region size 1024K, 78 young (79872K), 8 survivors (8192K)
 Metaspace       used 125732K, committed 126720K, reserved 1179648K
  class space    used 17201K, committed 17664K, reserved 1048576K
}
Event: 126.627 GC heap after
{Heap after GC invocations=76 (full 0):
 garbage-first heap   total 296960K, used 177950K [0x0000000080000000, 0x0000000100000000)
  region size 1024K, 9 young (9216K), 9 survivors (9216K)
 Metaspace       used 125732K, committed 126720K, reserved 1179648K
  class space    used 17201K, committed 17664K, reserved 1048576K
}
Event: 126.837 GC heap before
{Heap before GC invocations=76 (full 0):
 garbage-first heap   total 296960K, used 183070K [0x0000000080000000, 0x0000000100000000)
  region size 1024K, 14 young (14336K), 9 survivors (9216K)
 Metaspace       used 125745K, committed 126720K, reserved 1179648K
  class space    used 17202K, committed 17664K, reserved 1048576K
}
Event: 127.037 GC heap after
{Heap after GC invocations=77 (full 0):
 garbage-first heap   total 296960K, used 176319K [0x0000000080000000, 0x0000000100000000)
  region size 1024K, 2 young (2048K), 2 survivors (2048K)
 Metaspace       used 125745K, committed 126720K, reserved 1179648K
  class space    used 17202K, committed 17664K, reserved 1048576K
}
Event: 138.791 GC heap before
{Heap before GC invocations=77 (full 0):
 garbage-first heap   total 296960K, used 250047K [0x0000000080000000, 0x0000000100000000)
  region size 1024K, 75 young (76800K), 2 survivors (2048K)
 Metaspace       used 128580K, committed 129600K, reserved 1179648K
  class space    used 17595K, committed 18112K, reserved 1048576K
}
Event: 138.897 GC heap after
{Heap after GC invocations=78 (full 0):
 garbage-first heap   total 296960K, used 182978K [0x0000000080000000, 0x0000000100000000)
  region size 1024K, 8 young (8192K), 8 survivors (8192K)
 Metaspace       used 128580K, committed 129600K, reserved 1179648K
  class space    used 17595K, committed 18112K, reserved 1048576K
}
Event: 143.802 GC heap before
{Heap before GC invocations=78 (full 0):
 garbage-first heap   total 296960K, used 233154K [0x0000000080000000, 0x0000000100000000)
  region size 1024K, 58 young (59392K), 8 survivors (8192K)
 Metaspace       used 129836K, committed 130880K, reserved 1179648K
  class space    used 17824K, committed 18304K, reserved 1048576K
}
Event: 143.900 GC heap after
{Heap after GC invocations=79 (full 0):
 garbage-first heap   total 296960K, used 188862K [0x0000000080000000, 0x0000000100000000)
  region size 1024K, 6 young (6144K), 6 survivors (6144K)
 Metaspace       used 129836K, committed 130880K, reserved 1179648K
  class space    used 17824K, committed 18304K, reserved 1048576K
}
Event: 147.683 GC heap before
{Heap before GC invocations=80 (full 0):
 garbage-first heap   total 380928K, used 244158K [0x0000000080000000, 0x0000000100000000)
  region size 1024K, 59 young (60416K), 6 survivors (6144K)
 Metaspace       used 131193K, committed 132160K, reserved 1179648K
  class space    used 17960K, committed 18432K, reserved 1048576K
}
Event: 147.790 GC heap after
{Heap after GC invocations=81 (full 0):
 garbage-first heap   total 380928K, used 209920K [0x0000000080000000, 0x0000000100000000)
  region size 1024K, 8 young (8192K), 8 survivors (8192K)
 Metaspace       used 131193K, committed 132160K, reserved 1179648K
  class space    used 17960K, committed 18432K, reserved 1048576K
}
Event: 148.217 GC heap before
{Heap before GC invocations=81 (full 0):
 garbage-first heap   total 380928K, used 229376K [0x0000000080000000, 0x0000000100000000)
  region size 1024K, 18 young (18432K), 8 survivors (8192K)
 Metaspace       used 131253K, committed 132224K, reserved 1179648K
  class space    used 17960K, committed 18432K, reserved 1048576K
}
Event: 148.245 GC heap after
{Heap after GC invocations=82 (full 0):
 garbage-first heap   total 380928K, used 212480K [0x0000000080000000, 0x0000000100000000)
  region size 1024K, 3 young (3072K), 3 survivors (3072K)
 Metaspace       used 131253K, committed 132224K, reserved 1179648K
  class space    used 17960K, committed 18432K, reserved 1048576K
}
Event: 149.851 GC heap before
{Heap before GC invocations=82 (full 0):
 garbage-first heap   total 380928K, used 258560K [0x0000000080000000, 0x0000000100000000)
  region size 1024K, 49 young (50176K), 3 survivors (3072K)
 Metaspace       used 131797K, committed 132800K, reserved 1179648K
  class space    used 18004K, committed 18496K, reserved 1048576K
}
Event: 149.887 GC heap after
{Heap after GC invocations=83 (full 0):
 garbage-first heap   total 380928K, used 228864K [0x0000000080000000, 0x0000000100000000)
  region size 1024K, 9 young (9216K), 9 survivors (9216K)
 Metaspace       used 131797K, committed 132800K, reserved 1179648K
  class space    used 18004K, committed 18496K, reserved 1048576K
}
Event: 151.770 GC heap before
{Heap before GC invocations=84 (full 0):
 garbage-first heap   total 408576K, used 276992K [0x0000000080000000, 0x0000000100000000)
  region size 1024K, 48 young (49152K), 9 survivors (9216K)
 Metaspace       used 134288K, committed 135360K, reserved 1179648K
  class space    used 18291K, committed 18816K, reserved 1048576K
}
Event: 151.818 GC heap after
{Heap after GC invocations=85 (full 0):
 garbage-first heap   total 408576K, used 233844K [0x0000000080000000, 0x0000000100000000)
  region size 1024K, 5 young (5120K), 5 survivors (5120K)
 Metaspace       used 134288K, committed 135360K, reserved 1179648K
  class space    used 18291K, committed 18816K, reserved 1048576K
}
Event: 152.146 GC heap before
{Heap before GC invocations=85 (full 0):
 garbage-first heap   total 408576K, used 247156K [0x0000000080000000, 0x0000000100000000)
  region size 1024K, 19 young (19456K), 5 survivors (5120K)
 Metaspace       used 134461K, committed 135488K, reserved 1179648K
  class space    used 18300K, committed 18816K, reserved 1048576K
}

