# JRE version: OpenJDK Runtime Environment (17.0.10) (build 17.0.10+0--11609105)
# Java VM: OpenJDK 64-Bit Server VM (17.0.10+0--11609105, mixed mode, tiered, compressed oops, compressed class ptrs, g1 gc, windows-amd64)
GC Precious Log:
 CPUs: 4 total, 4 available
 Memory: 3891M
 Large Page Support: Disabled
 NUMA Support: Disabled
 Compressed Oops: Enabled (32-bit)
 Heap Region Size: 1M
 Heap Min Capacity: 8M
 Heap Initial Capacity: 62M
 Heap Max Capacity: 2G
 Pre-touch: Disabled
 Parallel Workers: 4
 Concurrent Workers: 1
 Concurrent Refinement Workers: 4
 Periodic GC: Disabled
Heap:
 garbage-first heap   total 326656K, used 201419K [0x0000000080000000, 0x0000000100000000)
  region size 1024K, 8 young (8192K), 8 survivors (8192K)
 Metaspace       used 175247K, committed 176384K, reserved 1245184K
  class space    used 22956K, committed 23488K, reserved 1048576K
GC Heap History (20 events):
Event: 1466.491 GC heap after
{Heap after GC invocations=63 (full 0):
 garbage-first heap   total 326656K, used 151847K [0x0000000080000000, 0x0000000100000000)
  region size 1024K, 10 young (10240K), 10 survivors (10240K)
 Metaspace       used 124378K, committed 125440K, reserved 1179648K
  class space    used 16594K, committed 17088K, reserved 1048576K
}
Event: 1466.546 GC heap before
{Heap before GC invocations=63 (full 0):
 garbage-first heap   total 326656K, used 156967K [0x0000000080000000, 0x0000000100000000)
  region size 1024K, 15 young (15360K), 10 survivors (10240K)
 Metaspace       used 124398K, committed 125440K, reserved 1179648K
  class space    used 16594K, committed 17088K, reserved 1048576K
}
Event: 1466.597 GC heap after
{Heap after GC invocations=64 (full 0):
 garbage-first heap   total 326656K, used 148446K [0x0000000080000000, 0x0000000100000000)
  region size 1024K, 2 young (2048K), 2 survivors (2048K)
 Metaspace       used 124398K, committed 125440K, reserved 1179648K
  class space    used 16594K, committed 17088K, reserved 1048576K
}
Event: 1469.487 GC heap before
{Heap before GC invocations=64 (full 0):
 garbage-first heap   total 326656K, used 267230K [0x0000000080000000, 0x0000000100000000)
  region size 1024K, 119 young (121856K), 2 survivors (2048K)
 Metaspace       used 137753K, committed 138752K, reserved 1179648K
  class space    used 18048K, committed 18496K, reserved 1048576K
}
Event: 1469.496 GC heap after
{Heap after GC invocations=65 (full 0):
 garbage-first heap   total 326656K, used 153395K [0x0000000080000000, 0x0000000100000000)
  region size 1024K, 7 young (7168K), 7 survivors (7168K)
 Metaspace       used 137753K, committed 138752K, reserved 1179648K
  class space    used 18048K, committed 18496K, reserved 1048576K
}
Event: 1471.987 GC heap before
{Heap before GC invocations=66 (full 0):
 garbage-first heap   total 326656K, used 270131K [0x0000000080000000, 0x0000000100000000)
  region size 1024K, 120 young (122880K), 7 survivors (7168K)
 Metaspace       used 145152K, committed 146240K, reserved 1179648K
  class space    used 18760K, committed 19264K, reserved 1048576K
}
Event: 1472.020 GC heap after
{Heap after GC invocations=67 (full 0):
 garbage-first heap   total 326656K, used 162132K [0x0000000080000000, 0x0000000100000000)
  region size 1024K, 15 young (15360K), 15 survivors (15360K)
 Metaspace       used 145152K, committed 146240K, reserved 1179648K
  class space    used 18760K, committed 19264K, reserved 1048576K
}
Event: 1472.079 GC heap before
{Heap before GC invocations=67 (full 0):
 garbage-first heap   total 326656K, used 163156K [0x0000000080000000, 0x0000000100000000)
  region size 1024K, 16 young (16384K), 15 survivors (15360K)
 Metaspace       used 145307K, committed 146368K, reserved 1179648K
  class space    used 18778K, committed 19264K, reserved 1048576K
}
Event: 1472.157 GC heap after
{Heap after GC invocations=68 (full 0):
 garbage-first heap   total 326656K, used 160057K [0x0000000080000000, 0x0000000100000000)
  region size 1024K, 2 young (2048K), 2 survivors (2048K)
 Metaspace       used 145307K, committed 146368K, reserved 1179648K
  class space    used 18778K, committed 19264K, reserved 1048576K
}
Event: 1484.102 GC heap before
{Heap before GC invocations=68 (full 0):
 garbage-first heap   total 326656K, used 269625K [0x0000000080000000, 0x0000000100000000)
  region size 1024K, 109 young (111616K), 2 survivors (2048K)
 Metaspace       used 154216K, committed 155264K, reserved 1245184K
  class space    used 19910K, committed 20416K, reserved 1048576K
}
Event: 1484.120 GC heap after
{Heap after GC invocations=69 (full 0):
 garbage-first heap   total 326656K, used 166351K [0x0000000080000000, 0x0000000100000000)
  region size 1024K, 9 young (9216K), 9 survivors (9216K)
 Metaspace       used 154216K, committed 155264K, reserved 1245184K
  class space    used 19910K, committed 20416K, reserved 1048576K
}
Event: 1486.894 GC heap before
{Heap before GC invocations=69 (full 0):
 garbage-first heap   total 326656K, used 272847K [0x0000000080000000, 0x0000000100000000)
  region size 1024K, 110 young (112640K), 9 survivors (9216K)
 Metaspace       used 161479K, committed 162560K, reserved 1245184K
  class space    used 20823K, committed 21312K, reserved 1048576K
}
Event: 1486.938 GC heap after
{Heap after GC invocations=70 (full 0):
 garbage-first heap   total 326656K, used 173170K [0x0000000080000000, 0x0000000100000000)
  region size 1024K, 7 young (7168K), 7 survivors (7168K)
 Metaspace       used 161479K, committed 162560K, reserved 1245184K
  class space    used 20823K, committed 21312K, reserved 1048576K
}
Event: 1489.074 GC heap before
{Heap before GC invocations=70 (full 0):
 garbage-first heap   total 326656K, used 272498K [0x0000000080000000, 0x0000000100000000)
  region size 1024K, 103 young (105472K), 7 survivors (7168K)
 Metaspace       used 166281K, committed 167424K, reserved 1245184K
  class space    used 21644K, committed 22144K, reserved 1048576K
}
Event: 1489.117 GC heap after
{Heap after GC invocations=71 (full 0):
 garbage-first heap   total 326656K, used 178145K [0x0000000080000000, 0x0000000100000000)
  region size 1024K, 5 young (5120K), 5 survivors (5120K)
 Metaspace       used 166281K, committed 167424K, reserved 1245184K
  class space    used 21644K, committed 22144K, reserved 1048576K
}
Event: 1492.853 GC heap before
{Heap before GC invocations=71 (full 0):
 garbage-first heap   total 326656K, used 287713K [0x0000000080000000, 0x0000000100000000)
  region size 1024K, 98 young (100352K), 5 survivors (5120K)
 Metaspace       used 174977K, committed 176128K, reserved 1245184K
  class space    used 22922K, committed 23488K, reserved 1048576K
}
Event: 1492.869 GC heap after
{Heap after GC invocations=72 (full 0):
 garbage-first heap   total 326656K, used 194326K [0x0000000080000000, 0x0000000100000000)
  region size 1024K, 13 young (13312K), 13 survivors (13312K)
 Metaspace       used 174977K, committed 176128K, reserved 1245184K
  class space    used 22922K, committed 23488K, reserved 1048576K
}
Event: 1495.584 GC heap before
{Heap before GC invocations=72 (full 0):
 garbage-first heap   total 326656K, used 273174K [0x0000000080000000, 0x0000000100000000)
  region size 1024K, 91 young (93184K), 13 survivors (13312K)
 Metaspace       used 175245K, committed 176384K, reserved 1245184K
  class space    used 22956K, committed 23488K, reserved 1048576K
}
Event: 1495.656 GC heap after
{Heap after GC invocations=73 (full 0):
 garbage-first heap   total 326656K, used 198904K [0x0000000080000000, 0x0000000100000000)
  region size 1024K, 6 young (6144K), 6 survivors (6144K)
 Metaspace       used 175245K, committed 176384K, reserved 1245184K
  class space    used 22956K, committed 23488K, reserved 1048576K
}
Event: 1498.080 GC heap before
{Heap before GC invocations=73 (full 0):
 garbage-first heap   total 326656K, used 274680K [0x0000000080000000, 0x0000000100000000)
  region size 1024K, 80 young (81920K), 6 survivors (6144K)
 Metaspace       used 175247K, committed 176384K, reserved 1245184K
  class space    used 22956K, committed 23488K, reserved 1048576K
}

