# JRE version: OpenJDK Runtime Environment (17.0.10) (build 17.0.10+0--11609105)
# Java VM: OpenJDK 64-Bit Server VM (17.0.10+0--11609105, mixed mode, tiered, compressed oops, compressed class ptrs, g1 gc, windows-amd64)
GC Precious Log:
 CPUs: 4 total, 4 available
 Memory: 3891M
 Large Page Support: Disabled
 NUMA Support: Disabled
 Compressed Oops: Enabled (32-bit)
 Heap Region Size: 1M
 Heap Min Capacity: 8M
 Heap Initial Capacity: 62M
 Heap Max Capacity: 2G
 Pre-touch: Disabled
 Parallel Workers: 4
 Concurrent Workers: 1
 Concurrent Refinement Workers: 4
 Periodic GC: Disabled
Heap:
 garbage-first heap   total 262144K, used 164320K [0x0000000080000000, 0x0000000100000000)
  region size 1024K, 6 young (6144K), 6 survivors (6144K)
 Metaspace       used 133361K, committed 134272K, reserved 1179648K
  class space    used 17935K, committed 18368K, reserved 1048576K
GC Heap History (20 events):
Event: 48.159 GC heap after
{Heap after GC invocations=59 (full 0):
 garbage-first heap   total 262144K, used 120568K [0x0000000080000000, 0x0000000100000000)
  region size 1024K, 11 young (11264K), 11 survivors (11264K)
 Metaspace       used 113532K, committed 114368K, reserved 1179648K
  class space    used 15124K, committed 15488K, reserved 1048576K
}
Event: 49.838 GC heap before
{Heap before GC invocations=59 (full 0):
 garbage-first heap   total 262144K, used 214776K [0x0000000080000000, 0x0000000100000000)
  region size 1024K, 102 young (104448K), 11 survivors (11264K)
 Metaspace       used 114321K, committed 115136K, reserved 1179648K
  class space    used 15227K, committed 15616K, reserved 1048576K
}
Event: 49.853 GC heap after
{Heap after GC invocations=60 (full 0):
 garbage-first heap   total 262144K, used 115948K [0x0000000080000000, 0x0000000100000000)
  region size 1024K, 4 young (4096K), 4 survivors (4096K)
 Metaspace       used 114321K, committed 115136K, reserved 1179648K
  class space    used 15227K, committed 15616K, reserved 1048576K
}
Event: 53.646 GC heap before
{Heap before GC invocations=60 (full 0):
 garbage-first heap   total 262144K, used 214252K [0x0000000080000000, 0x0000000100000000)
  region size 1024K, 101 young (103424K), 4 survivors (4096K)
 Metaspace       used 116481K, committed 117376K, reserved 1179648K
  class space    used 15500K, committed 15936K, reserved 1048576K
}
Event: 53.669 GC heap after
{Heap after GC invocations=61 (full 0):
 garbage-first heap   total 262144K, used 118348K [0x0000000080000000, 0x0000000100000000)
  region size 1024K, 7 young (7168K), 7 survivors (7168K)
 Metaspace       used 116481K, committed 117376K, reserved 1179648K
  class space    used 15500K, committed 15936K, reserved 1048576K
}
Event: 55.750 GC heap before
{Heap before GC invocations=61 (full 0):
 garbage-first heap   total 262144K, used 214604K [0x0000000080000000, 0x0000000100000000)
  region size 1024K, 102 young (104448K), 7 survivors (7168K)
 Metaspace       used 125879K, committed 126848K, reserved 1179648K
  class space    used 16999K, committed 17472K, reserved 1048576K
}
Event: 55.774 GC heap after
{Heap after GC invocations=62 (full 0):
 garbage-first heap   total 262144K, used 123071K [0x0000000080000000, 0x0000000100000000)
  region size 1024K, 11 young (11264K), 11 survivors (11264K)
 Metaspace       used 125879K, committed 126848K, reserved 1179648K
  class space    used 16999K, committed 17472K, reserved 1048576K
}
Event: 57.792 GC heap before
{Heap before GC invocations=62 (full 0):
 garbage-first heap   total 262144K, used 216255K [0x0000000080000000, 0x0000000100000000)
  region size 1024K, 103 young (105472K), 11 survivors (11264K)
 Metaspace       used 131574K, committed 132480K, reserved 1179648K
  class space    used 17734K, committed 18176K, reserved 1048576K
}
Event: 57.807 GC heap after
{Heap after GC invocations=63 (full 0):
 garbage-first heap   total 262144K, used 125077K [0x0000000080000000, 0x0000000100000000)
  region size 1024K, 7 young (7168K), 7 survivors (7168K)
 Metaspace       used 131574K, committed 132480K, reserved 1179648K
  class space    used 17734K, committed 18176K, reserved 1048576K
}
Event: 59.053 GC heap before
{Heap before GC invocations=63 (full 0):
 garbage-first heap   total 262144K, used 219285K [0x0000000080000000, 0x0000000100000000)
  region size 1024K, 100 young (102400K), 7 survivors (7168K)
 Metaspace       used 132487K, committed 133440K, reserved 1179648K
  class space    used 17839K, committed 18304K, reserved 1048576K
}
Event: 59.064 GC heap after
{Heap after GC invocations=64 (full 0):
 garbage-first heap   total 262144K, used 124396K [0x0000000080000000, 0x0000000100000000)
  region size 1024K, 7 young (7168K), 7 survivors (7168K)
 Metaspace       used 132487K, committed 133440K, reserved 1179648K
  class space    used 17839K, committed 18304K, reserved 1048576K
}
Event: 59.643 GC heap before
{Heap before GC invocations=64 (full 0):
 garbage-first heap   total 262144K, used 219628K [0x0000000080000000, 0x0000000100000000)
  region size 1024K, 101 young (103424K), 7 survivors (7168K)
 Metaspace       used 132679K, committed 133568K, reserved 1179648K
  class space    used 17853K, committed 18304K, reserved 1048576K
}
Event: 59.669 GC heap after
{Heap after GC invocations=65 (full 0):
 garbage-first heap   total 262144K, used 139584K [0x0000000080000000, 0x0000000100000000)
  region size 1024K, 13 young (13312K), 13 survivors (13312K)
 Metaspace       used 132679K, committed 133568K, reserved 1179648K
  class space    used 17853K, committed 18304K, reserved 1048576K
}
Event: 60.173 GC heap before
{Heap before GC invocations=65 (full 0):
 garbage-first heap   total 262144K, used 214336K [0x0000000080000000, 0x0000000100000000)
  region size 1024K, 87 young (89088K), 13 survivors (13312K)
 Metaspace       used 132863K, committed 133760K, reserved 1179648K
  class space    used 17867K, committed 18304K, reserved 1048576K
}
Event: 60.239 GC heap after
{Heap after GC invocations=66 (full 0):
 garbage-first heap   total 262144K, used 150107K [0x0000000080000000, 0x0000000100000000)
  region size 1024K, 10 young (10240K), 10 survivors (10240K)
 Metaspace       used 132863K, committed 133760K, reserved 1179648K
  class space    used 17867K, committed 18304K, reserved 1048576K
}
Event: 60.646 GC heap before
{Heap before GC invocations=66 (full 0):
 garbage-first heap   total 262144K, used 215643K [0x0000000080000000, 0x0000000100000000)
  region size 1024K, 74 young (75776K), 10 survivors (10240K)
 Metaspace       used 133140K, committed 134080K, reserved 1179648K
  class space    used 17919K, committed 18368K, reserved 1048576K
}
Event: 60.673 GC heap after
{Heap after GC invocations=67 (full 0):
 garbage-first heap   total 262144K, used 160256K [0x0000000080000000, 0x0000000100000000)
  region size 1024K, 10 young (10240K), 10 survivors (10240K)
 Metaspace       used 133140K, committed 134080K, reserved 1179648K
  class space    used 17919K, committed 18368K, reserved 1048576K
}
Event: 60.926 GC heap before
{Heap before GC invocations=67 (full 0):
 garbage-first heap   total 262144K, used 214528K [0x0000000080000000, 0x0000000100000000)
  region size 1024K, 64 young (65536K), 10 survivors (10240K)
 Metaspace       used 133204K, committed 134144K, reserved 1179648K
  class space    used 17921K, committed 18368K, reserved 1048576K
}
Event: 60.969 GC heap after
{Heap after GC invocations=68 (full 0):
 garbage-first heap   total 262144K, used 163266K [0x0000000080000000, 0x0000000100000000)
  region size 1024K, 5 young (5120K), 5 survivors (5120K)
 Metaspace       used 133204K, committed 134144K, reserved 1179648K
  class space    used 17921K, committed 18368K, reserved 1048576K
}
Event: 61.282 GC heap before
{Heap before GC invocations=68 (full 0):
 garbage-first heap   total 262144K, used 217538K [0x0000000080000000, 0x0000000100000000)
  region size 1024K, 58 young (59392K), 5 survivors (5120K)
 Metaspace       used 133361K, committed 134272K, reserved 1179648K
  class space    used 17935K, committed 18368K, reserved 1048576K
}

