# JRE version: OpenJDK Runtime Environment (17.0.10) (build 17.0.10+0--11609105)
# Java VM: OpenJDK 64-Bit Server VM (17.0.10+0--11609105, mixed mode, tiered, compressed oops, compressed class ptrs, g1 gc, windows-amd64)
GC Precious Log:
 CPUs: 4 total, 4 available
 Memory: 3891M
 Large Page Support: Disabled
 NUMA Support: Disabled
 Compressed Oops: Enabled (32-bit)
 Heap Region Size: 1M
 Heap Min Capacity: 8M
 Heap Initial Capacity: 62M
 Heap Max Capacity: 2G
 Pre-touch: Disabled
 Parallel Workers: 4
 Concurrent Workers: 1
 Concurrent Refinement Workers: 4
 Periodic GC: Disabled
Heap:
 garbage-first heap   total 199680K, used 126547K [0x0000000080000000, 0x0000000100000000)
  region size 1024K, 4 young (4096K), 4 survivors (4096K)
 Metaspace       used 105398K, committed 106176K, reserved 1179648K
  class space    used 14250K, committed 14592K, reserved 1048576K
GC Heap History (20 events):
Event: 28.797 GC heap after
{Heap after GC invocations=42 (full 0):
 garbage-first heap   total 161792K, used 87467K [0x0000000080000000, 0x0000000100000000)
  region size 1024K, 1 young (1024K), 1 survivors (1024K)
 Metaspace       used 92464K, committed 93184K, reserved 1179648K
  class space    used 12795K, committed 13120K, reserved 1048576K
}
Event: 29.560 GC heap before
{Heap before GC invocations=42 (full 0):
 garbage-first heap   total 161792K, used 137643K [0x0000000080000000, 0x0000000100000000)
  region size 1024K, 46 young (47104K), 1 survivors (1024K)
 Metaspace       used 93656K, committed 94400K, reserved 1179648K
  class space    used 12896K, committed 13248K, reserved 1048576K
}
Event: 29.588 GC heap after
{Heap after GC invocations=43 (full 0):
 garbage-first heap   total 199680K, used 90539K [0x0000000080000000, 0x0000000100000000)
  region size 1024K, 4 young (4096K), 4 survivors (4096K)
 Metaspace       used 93656K, committed 94400K, reserved 1179648K
  class space    used 12896K, committed 13248K, reserved 1048576K
}
Event: 31.585 GC heap before
{Heap before GC invocations=44 (full 0):
 garbage-first heap   total 199680K, used 167339K [0x0000000080000000, 0x0000000100000000)
  region size 1024K, 74 young (75776K), 4 survivors (4096K)
 Metaspace       used 101511K, committed 102272K, reserved 1179648K
  class space    used 13878K, committed 14272K, reserved 1048576K
}
Event: 31.602 GC heap after
{Heap after GC invocations=45 (full 0):
 garbage-first heap   total 199680K, used 105662K [0x0000000080000000, 0x0000000100000000)
  region size 1024K, 10 young (10240K), 10 survivors (10240K)
 Metaspace       used 101511K, committed 102272K, reserved 1179648K
  class space    used 13878K, committed 14272K, reserved 1048576K
}
Event: 31.615 GC heap before
{Heap before GC invocations=45 (full 0):
 garbage-first heap   total 199680K, used 106686K [0x0000000080000000, 0x0000000100000000)
  region size 1024K, 11 young (11264K), 10 survivors (10240K)
 Metaspace       used 101524K, committed 102272K, reserved 1179648K
  class space    used 13878K, committed 14272K, reserved 1048576K
}
Event: 31.625 GC heap after
{Heap after GC invocations=46 (full 0):
 garbage-first heap   total 199680K, used 105492K [0x0000000080000000, 0x0000000100000000)
  region size 1024K, 2 young (2048K), 2 survivors (2048K)
 Metaspace       used 101524K, committed 102272K, reserved 1179648K
  class space    used 13878K, committed 14272K, reserved 1048576K
}
Event: 32.946 GC heap before
{Heap before GC invocations=46 (full 0):
 garbage-first heap   total 199680K, used 159764K [0x0000000080000000, 0x0000000100000000)
  region size 1024K, 55 young (56320K), 2 survivors (2048K)
 Metaspace       used 104427K, committed 105216K, reserved 1179648K
  class space    used 14170K, committed 14528K, reserved 1048576K
}
Event: 32.956 GC heap after
{Heap after GC invocations=47 (full 0):
 garbage-first heap   total 199680K, used 108107K [0x0000000080000000, 0x0000000100000000)
  region size 1024K, 6 young (6144K), 6 survivors (6144K)
 Metaspace       used 104427K, committed 105216K, reserved 1179648K
  class space    used 14170K, committed 14528K, reserved 1048576K
}
Event: 34.044 GC heap before
{Heap before GC invocations=47 (full 0):
 garbage-first heap   total 199680K, used 159307K [0x0000000080000000, 0x0000000100000000)
  region size 1024K, 57 young (58368K), 6 survivors (6144K)
 Metaspace       used 105353K, committed 106112K, reserved 1179648K
  class space    used 14250K, committed 14592K, reserved 1048576K
}
Event: 34.058 GC heap after
{Heap after GC invocations=48 (full 0):
 garbage-first heap   total 199680K, used 113875K [0x0000000080000000, 0x0000000100000000)
  region size 1024K, 6 young (6144K), 6 survivors (6144K)
 Metaspace       used 105353K, committed 106112K, reserved 1179648K
  class space    used 14250K, committed 14592K, reserved 1048576K
}
Event: 34.648 GC heap before
{Heap before GC invocations=48 (full 0):
 garbage-first heap   total 199680K, used 160979K [0x0000000080000000, 0x0000000100000000)
  region size 1024K, 52 young (53248K), 6 survivors (6144K)
 Metaspace       used 105368K, committed 106176K, reserved 1179648K
  class space    used 14250K, committed 14592K, reserved 1048576K
}
Event: 34.658 GC heap after
{Heap after GC invocations=49 (full 0):
 garbage-first heap   total 199680K, used 119248K [0x0000000080000000, 0x0000000100000000)
  region size 1024K, 6 young (6144K), 6 survivors (6144K)
 Metaspace       used 105368K, committed 106176K, reserved 1179648K
  class space    used 14250K, committed 14592K, reserved 1048576K
}
Event: 35.992 GC heap before
{Heap before GC invocations=49 (full 0):
 garbage-first heap   total 199680K, used 163280K [0x0000000080000000, 0x0000000100000000)
  region size 1024K, 51 young (52224K), 6 survivors (6144K)
 Metaspace       used 105391K, committed 106176K, reserved 1179648K
  class space    used 14250K, committed 14592K, reserved 1048576K
}
Event: 36.003 GC heap after
{Heap after GC invocations=50 (full 0):
 garbage-first heap   total 199680K, used 123127K [0x0000000080000000, 0x0000000100000000)
  region size 1024K, 4 young (4096K), 4 survivors (4096K)
 Metaspace       used 105391K, committed 106176K, reserved 1179648K
  class space    used 14250K, committed 14592K, reserved 1048576K
}
Event: 36.298 GC heap before
{Heap before GC invocations=50 (full 0):
 garbage-first heap   total 199680K, used 163063K [0x0000000080000000, 0x0000000100000000)
  region size 1024K, 44 young (45056K), 4 survivors (4096K)
 Metaspace       used 105394K, committed 106176K, reserved 1179648K
  class space    used 14250K, committed 14592K, reserved 1048576K
}
Event: 36.306 GC heap after
{Heap after GC invocations=51 (full 0):
 garbage-first heap   total 199680K, used 124862K [0x0000000080000000, 0x0000000100000000)
  region size 1024K, 2 young (2048K), 2 survivors (2048K)
 Metaspace       used 105394K, committed 106176K, reserved 1179648K
  class space    used 14250K, committed 14592K, reserved 1048576K
}
Event: 36.549 GC heap before
{Heap before GC invocations=51 (full 0):
 garbage-first heap   total 199680K, used 165822K [0x0000000080000000, 0x0000000100000000)
  region size 1024K, 43 young (44032K), 2 survivors (2048K)
 Metaspace       used 105398K, committed 106176K, reserved 1179648K
  class space    used 14250K, committed 14592K, reserved 1048576K
}
Event: 36.554 GC heap after
{Heap after GC invocations=52 (full 0):
 garbage-first heap   total 199680K, used 125886K [0x0000000080000000, 0x0000000100000000)
  region size 1024K, 3 young (3072K), 3 survivors (3072K)
 Metaspace       used 105398K, committed 106176K, reserved 1179648K
  class space    used 14250K, committed 14592K, reserved 1048576K
}
Event: 37.174 GC heap before
{Heap before GC invocations=52 (full 0):
 garbage-first heap   total 199680K, used 168894K [0x0000000080000000, 0x0000000100000000)
  region size 1024K, 45 young (46080K), 3 survivors (3072K)
 Metaspace       used 105398K, committed 106176K, reserved 1179648K
  class space    used 14250K, committed 14592K, reserved 1048576K
}

