# JRE version: OpenJDK Runtime Environment (17.0.10) (build 17.0.10+0--11609105)
# Java VM: OpenJDK 64-Bit Server VM (17.0.10+0--11609105, mixed mode, tiered, compressed oops, compressed class ptrs, g1 gc, windows-amd64)
GC Precious Log:
 CPUs: 4 total, 4 available
 Memory: 3891M
 Large Page Support: Disabled
 NUMA Support: Disabled
 Compressed Oops: Enabled (32-bit)
 Heap Region Size: 1M
 Heap Min Capacity: 8M
 Heap Initial Capacity: 62M
 Heap Max Capacity: 2G
 Pre-touch: Disabled
 Parallel Workers: 4
 Concurrent Workers: 1
 Concurrent Refinement Workers: 4
 Periodic GC: Disabled
Heap:
 garbage-first heap   total 314368K, used 215938K [0x0000000080000000, 0x0000000100000000)
  region size 1024K, 2 young (2048K), 2 survivors (2048K)
 Metaspace       used 118815K, committed 119808K, reserved 1179648K
  class space    used 16017K, committed 16512K, reserved 1048576K
GC Heap History (20 events):
Event: 69.902 GC heap after
{Heap after GC invocations=54 (full 0):
 garbage-first heap   total 279552K, used 170760K [0x0000000080000000, 0x0000000100000000)
  region size 1024K, 8 young (8192K), 8 survivors (8192K)
 Metaspace       used 108834K, committed 109760K, reserved 1179648K
  class space    used 14903K, committed 15360K, reserved 1048576K
}
Event: 73.363 GC heap before
{Heap before GC invocations=55 (full 0):
 garbage-first heap   total 314368K, used 234248K [0x0000000080000000, 0x0000000100000000)
  region size 1024K, 69 young (70656K), 8 survivors (8192K)
 Metaspace       used 111125K, committed 112064K, reserved 1179648K
  class space    used 15093K, committed 15552K, reserved 1048576K
}
Event: 73.391 GC heap after
{Heap after GC invocations=56 (full 0):
 garbage-first heap   total 314368K, used 171674K [0x0000000080000000, 0x0000000100000000)
  region size 1024K, 9 young (9216K), 9 survivors (9216K)
 Metaspace       used 111125K, committed 112064K, reserved 1179648K
  class space    used 15093K, committed 15552K, reserved 1048576K
}
Event: 73.668 GC heap before
{Heap before GC invocations=56 (full 0):
 garbage-first heap   total 314368K, used 176794K [0x0000000080000000, 0x0000000100000000)
  region size 1024K, 15 young (15360K), 9 survivors (9216K)
 Metaspace       used 111132K, committed 112064K, reserved 1179648K
  class space    used 15093K, committed 15552K, reserved 1048576K
}
Event: 73.705 GC heap after
{Heap after GC invocations=57 (full 0):
 garbage-first heap   total 314368K, used 169159K [0x0000000080000000, 0x0000000100000000)
  region size 1024K, 2 young (2048K), 2 survivors (2048K)
 Metaspace       used 111132K, committed 112064K, reserved 1179648K
  class space    used 15093K, committed 15552K, reserved 1048576K
}
Event: 125.759 GC heap before
{Heap before GC invocations=57 (full 0):
 garbage-first heap   total 314368K, used 261319K [0x0000000080000000, 0x0000000100000000)
  region size 1024K, 92 young (94208K), 2 survivors (2048K)
 Metaspace       used 113383K, committed 114368K, reserved 1179648K
  class space    used 15347K, committed 15808K, reserved 1048576K
}
Event: 126.656 GC heap after
{Heap after GC invocations=58 (full 0):
 garbage-first heap   total 314368K, used 175440K [0x0000000080000000, 0x0000000100000000)
  region size 1024K, 9 young (9216K), 9 survivors (9216K)
 Metaspace       used 113383K, committed 114368K, reserved 1179648K
  class space    used 15347K, committed 15808K, reserved 1048576K
}
Event: 128.777 GC heap before
{Heap before GC invocations=58 (full 0):
 garbage-first heap   total 314368K, used 181584K [0x0000000080000000, 0x0000000100000000)
  region size 1024K, 15 young (15360K), 9 survivors (9216K)
 Metaspace       used 113401K, committed 114368K, reserved 1179648K
  class space    used 15347K, committed 15808K, reserved 1048576K
}
Event: 128.884 GC heap after
{Heap after GC invocations=59 (full 0):
 garbage-first heap   total 314368K, used 176957K [0x0000000080000000, 0x0000000100000000)
  region size 1024K, 2 young (2048K), 2 survivors (2048K)
 Metaspace       used 113401K, committed 114368K, reserved 1179648K
  class space    used 15347K, committed 15808K, reserved 1048576K
}
Event: 133.585 GC heap before
{Heap before GC invocations=60 (full 0):
 garbage-first heap   total 314368K, used 198461K [0x0000000080000000, 0x0000000100000000)
  region size 1024K, 23 young (23552K), 2 survivors (2048K)
 Metaspace       used 113966K, committed 115008K, reserved 1179648K
  class space    used 15419K, committed 15936K, reserved 1048576K
}
Event: 133.641 GC heap after
{Heap after GC invocations=61 (full 0):
 garbage-first heap   total 314368K, used 179504K [0x0000000080000000, 0x0000000100000000)
  region size 1024K, 3 young (3072K), 3 survivors (3072K)
 Metaspace       used 113966K, committed 115008K, reserved 1179648K
  class space    used 15419K, committed 15936K, reserved 1048576K
}
Event: 134.312 GC heap before
{Heap before GC invocations=61 (full 0):
 garbage-first heap   total 314368K, used 191792K [0x0000000080000000, 0x0000000100000000)
  region size 1024K, 15 young (15360K), 3 survivors (3072K)
 Metaspace       used 114570K, committed 115648K, reserved 1179648K
  class space    used 15503K, committed 16000K, reserved 1048576K
}
Event: 134.353 GC heap after
{Heap after GC invocations=62 (full 0):
 garbage-first heap   total 314368K, used 178681K [0x0000000080000000, 0x0000000100000000)
  region size 1024K, 2 young (2048K), 2 survivors (2048K)
 Metaspace       used 114570K, committed 115648K, reserved 1179648K
  class space    used 15503K, committed 16000K, reserved 1048576K
}
Event: 137.617 GC heap before
{Heap before GC invocations=62 (full 0):
 garbage-first heap   total 314368K, used 237049K [0x0000000080000000, 0x0000000100000000)
  region size 1024K, 60 young (61440K), 2 survivors (2048K)
 Metaspace       used 116326K, committed 117376K, reserved 1179648K
  class space    used 15787K, committed 16256K, reserved 1048576K
}
Event: 137.687 GC heap after
{Heap after GC invocations=63 (full 0):
 garbage-first heap   total 314368K, used 185616K [0x0000000080000000, 0x0000000100000000)
  region size 1024K, 8 young (8192K), 8 survivors (8192K)
 Metaspace       used 116326K, committed 117376K, reserved 1179648K
  class space    used 15787K, committed 16256K, reserved 1048576K
}
Event: 138.081 GC heap before
{Heap before GC invocations=63 (full 0):
 garbage-first heap   total 314368K, used 193808K [0x0000000080000000, 0x0000000100000000)
  region size 1024K, 17 young (17408K), 8 survivors (8192K)
 Metaspace       used 117576K, committed 118656K, reserved 1179648K
  class space    used 15927K, committed 16448K, reserved 1048576K
}
Event: 138.143 GC heap after
{Heap after GC invocations=64 (full 0):
 garbage-first heap   total 314368K, used 186689K [0x0000000080000000, 0x0000000100000000)
  region size 1024K, 1 young (1024K), 1 survivors (1024K)
 Metaspace       used 117576K, committed 118656K, reserved 1179648K
  class space    used 15927K, committed 16448K, reserved 1048576K
}
Event: 142.007 GC heap before
{Heap before GC invocations=64 (full 0):
 garbage-first heap   total 314368K, used 279873K [0x0000000080000000, 0x0000000100000000)
  region size 1024K, 78 young (79872K), 1 survivors (1024K)
 Metaspace       used 118734K, committed 119744K, reserved 1179648K
  class space    used 16008K, committed 16512K, reserved 1048576K
}
Event: 142.240 GC heap after
{Heap after GC invocations=65 (full 0):
 garbage-first heap   total 314368K, used 215040K [0x0000000080000000, 0x0000000100000000)
  region size 1024K, 10 young (10240K), 10 survivors (10240K)
 Metaspace       used 118734K, committed 119744K, reserved 1179648K
  class space    used 16008K, committed 16512K, reserved 1048576K
}
Event: 142.553 GC heap before
{Heap before GC invocations=65 (full 0):
 garbage-first heap   total 314368K, used 223232K [0x0000000080000000, 0x0000000100000000)
  region size 1024K, 16 young (16384K), 10 survivors (10240K)
 Metaspace       used 118815K, committed 119808K, reserved 1179648K
  class space    used 16017K, committed 16512K, reserved 1048576K
}

