# JRE version: OpenJDK Runtime Environment (17.0.10) (build 17.0.10+0--11609105)
# Java VM: OpenJDK 64-Bit Server VM (17.0.10+0--11609105, mixed mode, tiered, compressed oops, compressed class ptrs, g1 gc, windows-amd64)
GC Precious Log:
 CPUs: 4 total, 4 available
 Memory: 3891M
 Large Page Support: Disabled
 NUMA Support: Disabled
 Compressed Oops: Enabled (32-bit)
 Heap Region Size: 1M
 Heap Min Capacity: 8M
 Heap Initial Capacity: 62M
 Heap Max Capacity: 2G
 Pre-touch: Disabled
 Parallel Workers: 4
 Concurrent Workers: 1
 Concurrent Refinement Workers: 4
 Periodic GC: Disabled
Heap:
 garbage-first heap   total 78848K, used 53933K [0x0000000080000000, 0x0000000100000000)
  region size 1024K, 3 young (3072K), 2 survivors (2048K)
 Metaspace       used 45740K, committed 46144K, reserved 1114112K
  class space    used 6070K, committed 6272K, reserved 1048576K
GC Heap History (20 events):
Event: 11.094 GC heap before
{Heap before GC invocations=10 (full 0):
 garbage-first heap   total 63488K, used 35104K [0x0000000080000000, 0x0000000100000000)
  region size 1024K, 7 young (7168K), 3 survivors (3072K)
 Metaspace       used 32046K, committed 32448K, reserved 1114112K
  class space    used 4328K, committed 4480K, reserved 1048576K
}
Event: 11.098 GC heap after
{Heap after GC invocations=11 (full 0):
 garbage-first heap   total 63488K, used 34752K [0x0000000080000000, 0x0000000100000000)
  region size 1024K, 3 young (3072K), 3 survivors (3072K)
 Metaspace       used 32046K, committed 32448K, reserved 1114112K
  class space    used 4328K, committed 4480K, reserved 1048576K
}
Event: 11.423 GC heap before
{Heap before GC invocations=12 (full 0):
 garbage-first heap   total 65536K, used 38848K [0x0000000080000000, 0x0000000100000000)
  region size 1024K, 5 young (5120K), 3 survivors (3072K)
 Metaspace       used 32151K, committed 32512K, reserved 1114112K
  class space    used 4342K, committed 4480K, reserved 1048576K
}
Event: 11.425 GC heap after
{Heap after GC invocations=13 (full 0):
 garbage-first heap   total 65536K, used 38465K [0x0000000080000000, 0x0000000100000000)
  region size 1024K, 1 young (1024K), 1 survivors (1024K)
 Metaspace       used 32151K, committed 32512K, reserved 1114112K
  class space    used 4342K, committed 4480K, reserved 1048576K
}
Event: 11.778 GC heap before
{Heap before GC invocations=14 (full 0):
 garbage-first heap   total 68608K, used 47681K [0x0000000080000000, 0x0000000100000000)
  region size 1024K, 10 young (10240K), 1 survivors (1024K)
 Metaspace       used 33532K, committed 33856K, reserved 1114112K
  class space    used 4543K, committed 4672K, reserved 1048576K
}
Event: 11.779 GC heap after
{Heap after GC invocations=15 (full 0):
 garbage-first heap   total 68608K, used 40002K [0x0000000080000000, 0x0000000100000000)
  region size 1024K, 2 young (2048K), 2 survivors (2048K)
 Metaspace       used 33532K, committed 33856K, reserved 1114112K
  class space    used 4543K, committed 4672K, reserved 1048576K
}
Event: 12.089 GC heap before
{Heap before GC invocations=15 (full 0):
 garbage-first heap   total 68608K, used 50242K [0x0000000080000000, 0x0000000100000000)
  region size 1024K, 13 young (13312K), 2 survivors (2048K)
 Metaspace       used 34704K, committed 35072K, reserved 1114112K
  class space    used 4749K, committed 4928K, reserved 1048576K
}
Event: 12.091 GC heap after
{Heap after GC invocations=16 (full 0):
 garbage-first heap   total 68608K, used 40587K [0x0000000080000000, 0x0000000100000000)
  region size 1024K, 2 young (2048K), 2 survivors (2048K)
 Metaspace       used 34704K, committed 35072K, reserved 1114112K
  class space    used 4749K, committed 4928K, reserved 1048576K
}
Event: 12.574 GC heap before
{Heap before GC invocations=17 (full 0):
 garbage-first heap   total 71680K, used 51851K [0x0000000080000000, 0x0000000100000000)
  region size 1024K, 13 young (13312K), 2 survivors (2048K)
 Metaspace       used 36046K, committed 36416K, reserved 1114112K
  class space    used 4967K, committed 5120K, reserved 1048576K
}
Event: 12.577 GC heap after
{Heap after GC invocations=18 (full 0):
 garbage-first heap   total 71680K, used 41143K [0x0000000080000000, 0x0000000100000000)
  region size 1024K, 2 young (2048K), 2 survivors (2048K)
 Metaspace       used 36046K, committed 36416K, reserved 1114112K
  class space    used 4967K, committed 5120K, reserved 1048576K
}
Event: 13.227 GC heap before
{Heap before GC invocations=18 (full 0):
 garbage-first heap   total 71680K, used 54455K [0x0000000080000000, 0x0000000100000000)
  region size 1024K, 16 young (16384K), 2 survivors (2048K)
 Metaspace       used 38215K, committed 38656K, reserved 1114112K
  class space    used 5310K, committed 5504K, reserved 1048576K
}
Event: 13.230 GC heap after
{Heap after GC invocations=19 (full 0):
 garbage-first heap   total 71680K, used 41534K [0x0000000080000000, 0x0000000100000000)
  region size 1024K, 2 young (2048K), 2 survivors (2048K)
 Metaspace       used 38215K, committed 38656K, reserved 1114112K
  class space    used 5310K, committed 5504K, reserved 1048576K
}
Event: 14.377 GC heap before
{Heap before GC invocations=20 (full 0):
 garbage-first heap   total 73728K, used 55870K [0x0000000080000000, 0x0000000100000000)
  region size 1024K, 16 young (16384K), 2 survivors (2048K)
 Metaspace       used 40528K, committed 41024K, reserved 1114112K
  class space    used 5603K, committed 5824K, reserved 1048576K
}
Event: 14.383 GC heap after
{Heap after GC invocations=21 (full 0):
 garbage-first heap   total 73728K, used 42930K [0x0000000080000000, 0x0000000100000000)
  region size 1024K, 2 young (2048K), 2 survivors (2048K)
 Metaspace       used 40528K, committed 41024K, reserved 1114112K
  class space    used 5603K, committed 5824K, reserved 1048576K
}
Event: 15.007 GC heap before
{Heap before GC invocations=21 (full 0):
 garbage-first heap   total 73728K, used 57266K [0x0000000080000000, 0x0000000100000000)
  region size 1024K, 17 young (17408K), 2 survivors (2048K)
 Metaspace       used 44380K, committed 44864K, reserved 1114112K
  class space    used 6000K, committed 6208K, reserved 1048576K
}
Event: 15.012 GC heap after
{Heap after GC invocations=22 (full 0):
 garbage-first heap   total 73728K, used 45802K [0x0000000080000000, 0x0000000100000000)
  region size 1024K, 3 young (3072K), 3 survivors (3072K)
 Metaspace       used 44380K, committed 44864K, reserved 1114112K
  class space    used 6000K, committed 6208K, reserved 1048576K
}
Event: 15.171 GC heap before
{Heap before GC invocations=23 (full 0):
 garbage-first heap   total 78848K, used 58090K [0x0000000080000000, 0x0000000100000000)
  region size 1024K, 15 young (15360K), 3 survivors (3072K)
 Metaspace       used 44613K, committed 44992K, reserved 1114112K
  class space    used 6022K, committed 6208K, reserved 1048576K
}
Event: 15.177 GC heap after
{Heap after GC invocations=24 (full 0):
 garbage-first heap   total 78848K, used 47503K [0x0000000080000000, 0x0000000100000000)
  region size 1024K, 2 young (2048K), 2 survivors (2048K)
 Metaspace       used 44613K, committed 44992K, reserved 1114112K
  class space    used 6022K, committed 6208K, reserved 1048576K
}
Event: 15.409 GC heap before
{Heap before GC invocations=24 (full 0):
 garbage-first heap   total 78848K, used 57743K [0x0000000080000000, 0x0000000100000000)
  region size 1024K, 14 young (14336K), 2 survivors (2048K)
 Metaspace       used 45101K, committed 45504K, reserved 1114112K
  class space    used 6070K, committed 6272K, reserved 1048576K
}
Event: 15.417 GC heap after
{Heap after GC invocations=25 (full 0):
 garbage-first heap   total 78848K, used 48813K [0x0000000080000000, 0x0000000100000000)
  region size 1024K, 2 young (2048K), 2 survivors (2048K)
 Metaspace       used 45101K, committed 45504K, reserved 1114112K
  class space    used 6070K, committed 6272K, reserved 1048576K
}

