# JRE version: OpenJDK Runtime Environment (17.0.10) (build 17.0.10+0--11609105)
# Java VM: OpenJDK 64-Bit Server VM (17.0.10+0--11609105, mixed mode, tiered, compressed oops, compressed class ptrs, g1 gc, windows-amd64)
GC Precious Log:
 CPUs: 4 total, 4 available
 Memory: 3891M
 Large Page Support: Disabled
 NUMA Support: Disabled
 Compressed Oops: Enabled (32-bit)
 Heap Region Size: 1M
 Heap Min Capacity: 8M
 Heap Initial Capacity: 62M
 Heap Max Capacity: 2G
 Pre-touch: Disabled
 Parallel Workers: 4
 Concurrent Workers: 1
 Concurrent Refinement Workers: 4
 Periodic GC: Disabled
Heap:
 garbage-first heap   total 316416K, used 155047K [0x0000000080000000, 0x0000000100000000)
  region size 1024K, 11 young (11264K), 11 survivors (11264K)
 Metaspace       used 123119K, committed 123840K, reserved 1179648K
  class space    used 16965K, committed 17280K, reserved 1048576K
GC Heap History (20 events):
Event: 39.802 GC heap after
{Heap after GC invocations=47 (full 0):
 garbage-first heap   total 281600K, used 139164K [0x0000000080000000, 0x0000000100000000)
  region size 1024K, 6 young (6144K), 6 survivors (6144K)
 Metaspace       used 114438K, committed 115136K, reserved 1179648K
  class space    used 15744K, committed 16064K, reserved 1048576K
}
Event: 40.710 GC heap before
{Heap before GC invocations=48 (full 0):
 garbage-first heap   total 316416K, used 219036K [0x0000000080000000, 0x0000000100000000)
  region size 1024K, 86 young (88064K), 6 survivors (6144K)
 Metaspace       used 115939K, committed 116672K, reserved 1179648K
  class space    used 16038K, committed 16384K, reserved 1048576K
}
Event: 40.737 GC heap after
{Heap after GC invocations=49 (full 0):
 garbage-first heap   total 316416K, used 151374K [0x0000000080000000, 0x0000000100000000)
  region size 1024K, 11 young (11264K), 11 survivors (11264K)
 Metaspace       used 115939K, committed 116672K, reserved 1179648K
  class space    used 16038K, committed 16384K, reserved 1048576K
}
Event: 40.760 GC heap before
{Heap before GC invocations=49 (full 0):
 garbage-first heap   total 316416K, used 155470K [0x0000000080000000, 0x0000000100000000)
  region size 1024K, 15 young (15360K), 11 survivors (11264K)
 Metaspace       used 116099K, committed 116864K, reserved 1179648K
  class space    used 16050K, committed 16384K, reserved 1048576K
}
Event: 40.779 GC heap after
{Heap after GC invocations=50 (full 0):
 garbage-first heap   total 316416K, used 150347K [0x0000000080000000, 0x0000000100000000)
  region size 1024K, 2 young (2048K), 2 survivors (2048K)
 Metaspace       used 116099K, committed 116864K, reserved 1179648K
  class space    used 16050K, committed 16384K, reserved 1048576K
}
Event: 43.341 GC heap before
{Heap before GC invocations=50 (full 0):
 garbage-first heap   total 316416K, used 247627K [0x0000000080000000, 0x0000000100000000)
  region size 1024K, 97 young (99328K), 2 survivors (2048K)
 Metaspace       used 120310K, committed 121024K, reserved 1179648K
  class space    used 16611K, committed 16960K, reserved 1048576K
}
Event: 43.351 GC heap after
{Heap after GC invocations=51 (full 0):
 garbage-first heap   total 316416K, used 150805K [0x0000000080000000, 0x0000000100000000)
  region size 1024K, 2 young (2048K), 2 survivors (2048K)
 Metaspace       used 120310K, committed 121024K, reserved 1179648K
  class space    used 16611K, committed 16960K, reserved 1048576K
}
Event: 44.937 GC heap before
{Heap before GC invocations=52 (full 0):
 garbage-first heap   total 316416K, used 251157K [0x0000000080000000, 0x0000000100000000)
  region size 1024K, 102 young (104448K), 2 survivors (2048K)
 Metaspace       used 121114K, committed 121856K, reserved 1179648K
  class space    used 16698K, committed 17024K, reserved 1048576K
}
Event: 44.944 GC heap after
{Heap after GC invocations=53 (full 0):
 garbage-first heap   total 316416K, used 149193K [0x0000000080000000, 0x0000000100000000)
  region size 1024K, 3 young (3072K), 3 survivors (3072K)
 Metaspace       used 121114K, committed 121856K, reserved 1179648K
  class space    used 16698K, committed 17024K, reserved 1048576K
}
Event: 45.038 GC heap before
{Heap before GC invocations=53 (full 0):
 garbage-first heap   total 316416K, used 161481K [0x0000000080000000, 0x0000000100000000)
  region size 1024K, 15 young (15360K), 3 survivors (3072K)
 Metaspace       used 121248K, committed 122048K, reserved 1179648K
  class space    used 16717K, committed 17088K, reserved 1048576K
}
Event: 45.048 GC heap after
{Heap after GC invocations=54 (full 0):
 garbage-first heap   total 316416K, used 145514K [0x0000000080000000, 0x0000000100000000)
  region size 1024K, 1 young (1024K), 1 survivors (1024K)
 Metaspace       used 121248K, committed 122048K, reserved 1179648K
  class space    used 16717K, committed 17088K, reserved 1048576K
}
Event: 46.222 GC heap before
{Heap before GC invocations=54 (full 0):
 garbage-first heap   total 316416K, used 257130K [0x0000000080000000, 0x0000000100000000)
  region size 1024K, 110 young (112640K), 1 survivors (1024K)
 Metaspace       used 122682K, committed 123456K, reserved 1179648K
  class space    used 16917K, committed 17280K, reserved 1048576K
}
Event: 46.232 GC heap after
{Heap after GC invocations=55 (full 0):
 garbage-first heap   total 316416K, used 146447K [0x0000000080000000, 0x0000000100000000)
  region size 1024K, 2 young (2048K), 2 survivors (2048K)
 Metaspace       used 122682K, committed 123456K, reserved 1179648K
  class space    used 16917K, committed 17280K, reserved 1048576K
}
Event: 47.711 GC heap before
{Heap before GC invocations=55 (full 0):
 garbage-first heap   total 316416K, used 261135K [0x0000000080000000, 0x0000000100000000)
  region size 1024K, 115 young (117760K), 2 survivors (2048K)
 Metaspace       used 122856K, committed 123584K, reserved 1179648K
  class space    used 16941K, committed 17280K, reserved 1048576K
}
Event: 47.720 GC heap after
{Heap after GC invocations=56 (full 0):
 garbage-first heap   total 316416K, used 148209K [0x0000000080000000, 0x0000000100000000)
  region size 1024K, 4 young (4096K), 4 survivors (4096K)
 Metaspace       used 122856K, committed 123584K, reserved 1179648K
  class space    used 16941K, committed 17280K, reserved 1048576K
}
Event: 49.397 GC heap before
{Heap before GC invocations=56 (full 0):
 garbage-first heap   total 316416K, used 264945K [0x0000000080000000, 0x0000000100000000)
  region size 1024K, 118 young (120832K), 4 survivors (4096K)
 Metaspace       used 122992K, committed 123712K, reserved 1179648K
  class space    used 16956K, committed 17280K, reserved 1048576K
}
Event: 49.406 GC heap after
{Heap after GC invocations=57 (full 0):
 garbage-first heap   total 316416K, used 147032K [0x0000000080000000, 0x0000000100000000)
  region size 1024K, 3 young (3072K), 3 survivors (3072K)
 Metaspace       used 122992K, committed 123712K, reserved 1179648K
  class space    used 16956K, committed 17280K, reserved 1048576K
}
Event: 50.623 GC heap before
{Heap before GC invocations=57 (full 0):
 garbage-first heap   total 316416K, used 268888K [0x0000000080000000, 0x0000000100000000)
  region size 1024K, 122 young (124928K), 3 survivors (3072K)
 Metaspace       used 123067K, committed 123776K, reserved 1179648K
  class space    used 16962K, committed 17280K, reserved 1048576K
}
Event: 50.664 GC heap after
{Heap after GC invocations=58 (full 0):
 garbage-first heap   total 316416K, used 151997K [0x0000000080000000, 0x0000000100000000)
  region size 1024K, 8 young (8192K), 8 survivors (8192K)
 Metaspace       used 123067K, committed 123776K, reserved 1179648K
  class space    used 16962K, committed 17280K, reserved 1048576K
}
Event: 52.418 GC heap before
{Heap before GC invocations=58 (full 0):
 garbage-first heap   total 316416K, used 267709K [0x0000000080000000, 0x0000000100000000)
  region size 1024K, 121 young (123904K), 8 survivors (8192K)
 Metaspace       used 123119K, committed 123840K, reserved 1179648K
  class space    used 16965K, committed 17280K, reserved 1048576K
}

