# JRE version: OpenJDK Runtime Environment (17.0.10) (build 17.0.10+0--11609105)
# Java VM: OpenJDK 64-Bit Server VM (17.0.10+0--11609105, mixed mode, tiered, compressed oops, compressed class ptrs, g1 gc, windows-amd64)
GC Precious Log:
 CPUs: 4 total, 4 available
 Memory: 3891M
 Large Page Support: Disabled
 NUMA Support: Disabled
 Compressed Oops: Enabled (32-bit)
 Heap Region Size: 1M
 Heap Min Capacity: 8M
 Heap Initial Capacity: 62M
 Heap Max Capacity: 2G
 Pre-touch: Disabled
 Parallel Workers: 4
 Concurrent Workers: 1
 Concurrent Refinement Workers: 4
 Periodic GC: Disabled
Heap:
 garbage-first heap   total 92160K, used 54743K [0x0000000080000000, 0x0000000100000000)
  region size 1024K, 8 young (8192K), 3 survivors (3072K)
 Metaspace       used 50653K, committed 51072K, reserved 1114112K
  class space    used 6844K, committed 7040K, reserved 1048576K
GC Heap History (20 events):
Event: 9.637 GC heap before
{Heap before GC invocations=14 (full 0):
 garbage-first heap   total 70656K, used 48156K [0x0000000080000000, 0x0000000100000000)
  region size 1024K, 10 young (10240K), 1 survivors (1024K)
 Metaspace       used 33502K, committed 33856K, reserved 1114112K
  class space    used 4541K, committed 4672K, reserved 1048576K
}
Event: 9.638 GC heap after
{Heap after GC invocations=15 (full 0):
 garbage-first heap   total 70656K, used 40432K [0x0000000080000000, 0x0000000100000000)
  region size 1024K, 2 young (2048K), 2 survivors (2048K)
 Metaspace       used 33502K, committed 33856K, reserved 1114112K
  class space    used 4541K, committed 4672K, reserved 1048576K
}
Event: 10.085 GC heap before
{Heap before GC invocations=15 (full 0):
 garbage-first heap   total 70656K, used 51696K [0x0000000080000000, 0x0000000100000000)
  region size 1024K, 13 young (13312K), 2 survivors (2048K)
 Metaspace       used 34659K, committed 35008K, reserved 1114112K
  class space    used 4750K, committed 4928K, reserved 1048576K
}
Event: 10.087 GC heap after
{Heap after GC invocations=16 (full 0):
 garbage-first heap   total 70656K, used 40915K [0x0000000080000000, 0x0000000100000000)
  region size 1024K, 2 young (2048K), 2 survivors (2048K)
 Metaspace       used 34659K, committed 35008K, reserved 1114112K
  class space    used 4750K, committed 4928K, reserved 1048576K
}
Event: 10.398 GC heap before
{Heap before GC invocations=17 (full 0):
 garbage-first heap   total 73728K, used 53203K [0x0000000080000000, 0x0000000100000000)
  region size 1024K, 14 young (14336K), 2 survivors (2048K)
 Metaspace       used 36133K, committed 36480K, reserved 1114112K
  class space    used 4989K, committed 5120K, reserved 1048576K
}
Event: 10.401 GC heap after
{Heap after GC invocations=18 (full 0):
 garbage-first heap   total 73728K, used 41484K [0x0000000080000000, 0x0000000100000000)
  region size 1024K, 2 young (2048K), 2 survivors (2048K)
 Metaspace       used 36133K, committed 36480K, reserved 1114112K
  class space    used 4989K, committed 5120K, reserved 1048576K
}
Event: 10.861 GC heap before
{Heap before GC invocations=18 (full 0):
 garbage-first heap   total 73728K, used 54796K [0x0000000080000000, 0x0000000100000000)
  region size 1024K, 16 young (16384K), 2 survivors (2048K)
 Metaspace       used 38325K, committed 38784K, reserved 1114112K
  class space    used 5340K, committed 5568K, reserved 1048576K
}
Event: 10.864 GC heap after
{Heap after GC invocations=19 (full 0):
 garbage-first heap   total 73728K, used 42049K [0x0000000080000000, 0x0000000100000000)
  region size 1024K, 2 young (2048K), 2 survivors (2048K)
 Metaspace       used 38325K, committed 38784K, reserved 1114112K
  class space    used 5340K, committed 5568K, reserved 1048576K
}
Event: 11.371 GC heap before
{Heap before GC invocations=20 (full 0):
 garbage-first heap   total 73728K, used 57409K [0x0000000080000000, 0x0000000100000000)
  region size 1024K, 17 young (17408K), 2 survivors (2048K)
 Metaspace       used 40984K, committed 41408K, reserved 1114112K
  class space    used 5635K, committed 5824K, reserved 1048576K
}
Event: 11.378 GC heap after
{Heap after GC invocations=21 (full 0):
 garbage-first heap   total 73728K, used 43811K [0x0000000080000000, 0x0000000100000000)
  region size 1024K, 3 young (3072K), 3 survivors (3072K)
 Metaspace       used 40984K, committed 41408K, reserved 1114112K
  class space    used 5635K, committed 5824K, reserved 1048576K
}
Event: 11.878 GC heap before
{Heap before GC invocations=21 (full 0):
 garbage-first heap   total 73728K, used 57123K [0x0000000080000000, 0x0000000100000000)
  region size 1024K, 17 young (17408K), 3 survivors (3072K)
 Metaspace       used 44542K, committed 44928K, reserved 1114112K
  class space    used 6023K, committed 6208K, reserved 1048576K
}
Event: 11.885 GC heap after
{Heap after GC invocations=22 (full 0):
 garbage-first heap   total 73728K, used 45602K [0x0000000080000000, 0x0000000100000000)
  region size 1024K, 2 young (2048K), 2 survivors (2048K)
 Metaspace       used 44542K, committed 44928K, reserved 1114112K
  class space    used 6023K, committed 6208K, reserved 1048576K
}
Event: 11.984 GC heap before
{Heap before GC invocations=23 (full 0):
 garbage-first heap   total 80896K, used 58914K [0x0000000080000000, 0x0000000100000000)
  region size 1024K, 15 young (15360K), 2 survivors (2048K)
 Metaspace       used 44578K, committed 44992K, reserved 1114112K
  class space    used 6023K, committed 6208K, reserved 1048576K
}
Event: 11.988 GC heap after
{Heap after GC invocations=24 (full 0):
 garbage-first heap   total 80896K, used 46806K [0x0000000080000000, 0x0000000100000000)
  region size 1024K, 2 young (2048K), 2 survivors (2048K)
 Metaspace       used 44578K, committed 44992K, reserved 1114112K
  class space    used 6023K, committed 6208K, reserved 1048576K
}
Event: 12.117 GC heap before
{Heap before GC invocations=24 (full 0):
 garbage-first heap   total 80896K, used 54998K [0x0000000080000000, 0x0000000100000000)
  region size 1024K, 12 young (12288K), 2 survivors (2048K)
 Metaspace       used 45067K, committed 45504K, reserved 1114112K
  class space    used 6071K, committed 6272K, reserved 1048576K
}
Event: 12.120 GC heap after
{Heap after GC invocations=25 (full 0):
 garbage-first heap   total 80896K, used 48707K [0x0000000080000000, 0x0000000100000000)
  region size 1024K, 2 young (2048K), 2 survivors (2048K)
 Metaspace       used 45067K, committed 45504K, reserved 1114112K
  class space    used 6071K, committed 6272K, reserved 1048576K
}
Event: 12.687 GC heap before
{Heap before GC invocations=26 (full 0):
 garbage-first heap   total 92160K, used 70211K [0x0000000080000000, 0x0000000100000000)
  region size 1024K, 18 young (18432K), 2 survivors (2048K)
 Metaspace       used 48007K, committed 48384K, reserved 1114112K
  class space    used 6389K, committed 6592K, reserved 1048576K
}
Event: 12.692 GC heap after
{Heap after GC invocations=27 (full 0):
 garbage-first heap   total 92160K, used 49553K [0x0000000080000000, 0x0000000100000000)
  region size 1024K, 2 young (2048K), 2 survivors (2048K)
 Metaspace       used 48007K, committed 48384K, reserved 1114112K
  class space    used 6389K, committed 6592K, reserved 1048576K
}
Event: 13.637 GC heap before
{Heap before GC invocations=27 (full 0):
 garbage-first heap   total 92160K, used 71057K [0x0000000080000000, 0x0000000100000000)
  region size 1024K, 24 young (24576K), 2 survivors (2048K)
 Metaspace       used 50487K, committed 50944K, reserved 1114112K
  class space    used 6824K, committed 7040K, reserved 1048576K
}
Event: 13.643 GC heap after
{Heap after GC invocations=28 (full 0):
 garbage-first heap   total 92160K, used 50647K [0x0000000080000000, 0x0000000100000000)
  region size 1024K, 3 young (3072K), 3 survivors (3072K)
 Metaspace       used 50487K, committed 50944K, reserved 1114112K
  class space    used 6824K, committed 7040K, reserved 1048576K
}

