# JRE version: OpenJDK Runtime Environment (17.0.10) (build 17.0.10+0--11609105)
# Java VM: OpenJDK 64-Bit Server VM (17.0.10+0--11609105, mixed mode, tiered, compressed oops, compressed class ptrs, g1 gc, windows-amd64)
GC Precious Log:
 CPUs: 4 total, 4 available
 Memory: 3891M
 Large Page Support: Disabled
 NUMA Support: Disabled
 Compressed Oops: Enabled (32-bit)
 Heap Region Size: 1M
 Heap Min Capacity: 8M
 Heap Initial Capacity: 62M
 Heap Max Capacity: 2G
 Pre-touch: Disabled
 Parallel Workers: 4
 Concurrent Workers: 1
 Concurrent Refinement Workers: 4
 Periodic GC: Disabled
Heap:
 garbage-first heap   total 365568K, used 140359K [0x0000000080000000, 0x0000000100000000)
  region size 1024K, 10 young (10240K), 10 survivors (10240K)
 Metaspace       used 150755K, committed 151808K, reserved 1245184K
  class space    used 20173K, committed 20672K, reserved 1048576K
GC Heap History (20 events):
Event: 1481.285 GC heap after
{Heap after GC invocations=64 (full 0):
 garbage-first heap   total 328704K, used 146650K [0x0000000080000000, 0x0000000100000000)
  region size 1024K, 2 young (2048K), 2 survivors (2048K)
 Metaspace       used 149107K, committed 150208K, reserved 1179648K
  class space    used 20128K, committed 20672K, reserved 1048576K
}
Event: 1481.640 GC heap before
{Heap before GC invocations=64 (full 0):
 garbage-first heap   total 328704K, used 184538K [0x0000000080000000, 0x0000000100000000)
  region size 1024K, 40 young (40960K), 2 survivors (2048K)
 Metaspace       used 149221K, committed 150272K, reserved 1179648K
  class space    used 20133K, committed 20672K, reserved 1048576K
}
Event: 1481.646 GC heap after
{Heap after GC invocations=65 (full 0):
 garbage-first heap   total 328704K, used 147416K [0x0000000080000000, 0x0000000100000000)
  region size 1024K, 3 young (3072K), 3 survivors (3072K)
 Metaspace       used 149221K, committed 150272K, reserved 1179648K
  class space    used 20133K, committed 20672K, reserved 1048576K
}
Event: 1483.369 GC heap before
{Heap before GC invocations=66 (full 0):
 garbage-first heap   total 328704K, used 246744K [0x0000000080000000, 0x0000000100000000)
  region size 1024K, 101 young (103424K), 3 survivors (3072K)
 Metaspace       used 149994K, committed 151104K, reserved 1245184K
  class space    used 20160K, committed 20672K, reserved 1048576K
}
Event: 1483.379 GC heap after
{Heap after GC invocations=67 (full 0):
 garbage-first heap   total 328704K, used 142333K [0x0000000080000000, 0x0000000100000000)
  region size 1024K, 5 young (5120K), 5 survivors (5120K)
 Metaspace       used 149994K, committed 151104K, reserved 1245184K
  class space    used 20160K, committed 20672K, reserved 1048576K
}
Event: 1483.437 GC heap before
{Heap before GC invocations=67 (full 0):
 garbage-first heap   total 328704K, used 152573K [0x0000000080000000, 0x0000000100000000)
  region size 1024K, 16 young (16384K), 5 survivors (5120K)
 Metaspace       used 150008K, committed 151104K, reserved 1245184K
  class space    used 20161K, committed 20672K, reserved 1048576K
}
Event: 1483.447 GC heap after
{Heap after GC invocations=68 (full 0):
 garbage-first heap   total 328704K, used 132045K [0x0000000080000000, 0x0000000100000000)
  region size 1024K, 2 young (2048K), 2 survivors (2048K)
 Metaspace       used 150008K, committed 151104K, reserved 1245184K
  class space    used 20161K, committed 20672K, reserved 1048576K
}
Event: 1483.944 GC heap before
{Heap before GC invocations=68 (full 0):
 garbage-first heap   total 328704K, used 201677K [0x0000000080000000, 0x0000000100000000)
  region size 1024K, 71 young (72704K), 2 survivors (2048K)
 Metaspace       used 150219K, committed 151296K, reserved 1245184K
  class space    used 20162K, committed 20672K, reserved 1048576K
}
Event: 1483.952 GC heap after
{Heap after GC invocations=69 (full 0):
 garbage-first heap   total 328704K, used 136077K [0x0000000080000000, 0x0000000100000000)
  region size 1024K, 6 young (6144K), 6 survivors (6144K)
 Metaspace       used 150219K, committed 151296K, reserved 1245184K
  class space    used 20162K, committed 20672K, reserved 1048576K
}
Event: 1889.455 GC heap before
{Heap before GC invocations=70 (full 0):
 garbage-first heap   total 328704K, used 273293K [0x0000000080000000, 0x0000000100000000)
  region size 1024K, 122 young (124928K), 6 survivors (6144K)
 Metaspace       used 150203K, committed 151296K, reserved 1245184K
  class space    used 20147K, committed 20672K, reserved 1048576K
}
Event: 1889.735 GC heap after
{Heap after GC invocations=71 (full 0):
 garbage-first heap   total 328704K, used 140430K [0x0000000080000000, 0x0000000100000000)
  region size 1024K, 11 young (11264K), 11 survivors (11264K)
 Metaspace       used 150203K, committed 151296K, reserved 1245184K
  class space    used 20147K, committed 20672K, reserved 1048576K
}
Event: 1889.916 GC heap before
{Heap before GC invocations=71 (full 0):
 garbage-first heap   total 328704K, used 144526K [0x0000000080000000, 0x0000000100000000)
  region size 1024K, 16 young (16384K), 11 survivors (11264K)
 Metaspace       used 150207K, committed 151296K, reserved 1245184K
  class space    used 20147K, committed 20672K, reserved 1048576K
}
Event: 1890.127 GC heap after
{Heap after GC invocations=72 (full 0):
 garbage-first heap   total 328704K, used 136478K [0x0000000080000000, 0x0000000100000000)
  region size 1024K, 2 young (2048K), 2 survivors (2048K)
 Metaspace       used 150207K, committed 151296K, reserved 1245184K
  class space    used 20147K, committed 20672K, reserved 1048576K
}
Event: 1890.420 GC heap before
{Heap before GC invocations=72 (full 0):
 garbage-first heap   total 328704K, used 139550K [0x0000000080000000, 0x0000000100000000)
  region size 1024K, 6 young (6144K), 2 survivors (2048K)
 Metaspace       used 150212K, committed 151296K, reserved 1245184K
  class space    used 20147K, committed 20672K, reserved 1048576K
}
Event: 1890.464 GC heap after
{Heap after GC invocations=73 (full 0):
 garbage-first heap   total 328704K, used 136298K [0x0000000080000000, 0x0000000100000000)
  region size 1024K, 2 young (2048K), 2 survivors (2048K)
 Metaspace       used 150212K, committed 151296K, reserved 1245184K
  class space    used 20147K, committed 20672K, reserved 1048576K
}
Event: 1902.046 GC heap before
{Heap before GC invocations=74 (full 0):
 garbage-first heap   total 328704K, used 283754K [0x0000000080000000, 0x0000000100000000)
  region size 1024K, 122 young (124928K), 2 survivors (2048K)
 Metaspace       used 150644K, committed 151680K, reserved 1245184K
  class space    used 20171K, committed 20672K, reserved 1048576K
}
Event: 1902.073 GC heap after
{Heap after GC invocations=75 (full 0):
 garbage-first heap   total 328704K, used 148140K [0x0000000080000000, 0x0000000100000000)
  region size 1024K, 9 young (9216K), 9 survivors (9216K)
 Metaspace       used 150644K, committed 151680K, reserved 1245184K
  class space    used 20171K, committed 20672K, reserved 1048576K
}
Event: 1902.084 GC heap before
{Heap before GC invocations=75 (full 0):
 garbage-first heap   total 328704K, used 154284K [0x0000000080000000, 0x0000000100000000)
  region size 1024K, 16 young (16384K), 9 survivors (9216K)
 Metaspace       used 150644K, committed 151680K, reserved 1245184K
  class space    used 20171K, committed 20672K, reserved 1048576K
}
Event: 1902.126 GC heap after
{Heap after GC invocations=76 (full 0):
 garbage-first heap   total 328704K, used 134278K [0x0000000080000000, 0x0000000100000000)
  region size 1024K, 2 young (2048K), 2 survivors (2048K)
 Metaspace       used 150644K, committed 151680K, reserved 1245184K
  class space    used 20171K, committed 20672K, reserved 1048576K
}
Event: 1903.558 GC heap before
{Heap before GC invocations=76 (full 0):
 garbage-first heap   total 328704K, used 192646K [0x0000000080000000, 0x0000000100000000)
  region size 1024K, 61 young (62464K), 2 survivors (2048K)
 Metaspace       used 150755K, committed 151808K, reserved 1245184K
  class space    used 20173K, committed 20672K, reserved 1048576K
}

