# JRE version: OpenJDK Runtime Environment (17.0.10) (build 17.0.10+0--11609105)
# Java VM: OpenJDK 64-Bit Server VM (17.0.10+0--11609105, mixed mode, tiered, compressed oops, compressed class ptrs, g1 gc, windows-amd64)
GC Precious Log:
 CPUs: 4 total, 4 available
 Memory: 3891M
 Large Page Support: Disabled
 NUMA Support: Disabled
 Compressed Oops: Enabled (32-bit)
 Heap Region Size: 1M
 Heap Min Capacity: 8M
 Heap Initial Capacity: 62M
 Heap Max Capacity: 2G
 Pre-touch: Disabled
 Parallel Workers: 4
 Concurrent Workers: 1
 Concurrent Refinement Workers: 4
 Periodic GC: Disabled
Heap:
 garbage-first heap   total 66560K, used 46711K [0x0000000080000000, 0x0000000100000000)
  region size 1024K, 13 young (13312K), 3 survivors (3072K)
 Metaspace       used 56321K, committed 56896K, reserved 1114112K
  class space    used 7732K, committed 8000K, reserved 1048576K
GC Heap History (20 events):
Event: 21.114 GC heap before
{Heap before GC invocations=13 (full 0):
 garbage-first heap   total 63488K, used 47281K [0x0000000080000000, 0x0000000100000000)
  region size 1024K, 25 young (25600K), 2 survivors (2048K)
 Metaspace       used 41150K, committed 41536K, reserved 1114112K
  class space    used 5459K, committed 5632K, reserved 1048576K
}
Event: 21.121 GC heap after
{Heap after GC invocations=14 (full 0):
 garbage-first heap   total 63488K, used 28253K [0x0000000080000000, 0x0000000100000000)
  region size 1024K, 4 young (4096K), 4 survivors (4096K)
 Metaspace       used 41150K, committed 41536K, reserved 1114112K
  class space    used 5459K, committed 5632K, reserved 1048576K
}
Event: 21.675 GC heap before
{Heap before GC invocations=14 (full 0):
 garbage-first heap   total 63488K, used 48733K [0x0000000080000000, 0x0000000100000000)
  region size 1024K, 24 young (24576K), 4 survivors (4096K)
 Metaspace       used 42048K, committed 42432K, reserved 1114112K
  class space    used 5583K, committed 5760K, reserved 1048576K
}
Event: 21.683 GC heap after
{Heap after GC invocations=15 (full 0):
 garbage-first heap   total 63488K, used 30270K [0x0000000080000000, 0x0000000100000000)
  region size 1024K, 2 young (2048K), 2 survivors (2048K)
 Metaspace       used 42048K, committed 42432K, reserved 1114112K
  class space    used 5583K, committed 5760K, reserved 1048576K
}
Event: 22.225 GC heap before
{Heap before GC invocations=15 (full 0):
 garbage-first heap   total 63488K, used 48702K [0x0000000080000000, 0x0000000100000000)
  region size 1024K, 21 young (21504K), 2 survivors (2048K)
 Metaspace       used 42996K, committed 43456K, reserved 1114112K
  class space    used 5722K, committed 5952K, reserved 1048576K
}
Event: 22.228 GC heap after
{Heap after GC invocations=16 (full 0):
 garbage-first heap   total 63488K, used 30732K [0x0000000080000000, 0x0000000100000000)
  region size 1024K, 1 young (1024K), 1 survivors (1024K)
 Metaspace       used 42996K, committed 43456K, reserved 1114112K
  class space    used 5722K, committed 5952K, reserved 1048576K
}
Event: 23.095 GC heap before
{Heap before GC invocations=17 (full 0):
 garbage-first heap   total 63488K, used 50188K [0x0000000080000000, 0x0000000100000000)
  region size 1024K, 20 young (20480K), 1 survivors (1024K)
 Metaspace       used 45415K, committed 45952K, reserved 1114112K
  class space    used 6146K, committed 6400K, reserved 1048576K
}
Event: 23.099 GC heap after
{Heap after GC invocations=18 (full 0):
 garbage-first heap   total 63488K, used 32407K [0x0000000080000000, 0x0000000100000000)
  region size 1024K, 3 young (3072K), 3 survivors (3072K)
 Metaspace       used 45415K, committed 45952K, reserved 1114112K
  class space    used 6146K, committed 6400K, reserved 1048576K
}
Event: 23.861 GC heap before
{Heap before GC invocations=18 (full 0):
 garbage-first heap   total 63488K, used 49815K [0x0000000080000000, 0x0000000100000000)
  region size 1024K, 20 young (20480K), 3 survivors (3072K)
 Metaspace       used 47508K, committed 48000K, reserved 1114112K
  class space    used 6480K, committed 6720K, reserved 1048576K
}
Event: 23.865 GC heap after
{Heap after GC invocations=19 (full 0):
 garbage-first heap   total 63488K, used 33307K [0x0000000080000000, 0x0000000100000000)
  region size 1024K, 1 young (1024K), 1 survivors (1024K)
 Metaspace       used 47508K, committed 48000K, reserved 1114112K
  class space    used 6480K, committed 6720K, reserved 1048576K
}
Event: 24.875 GC heap before
{Heap before GC invocations=20 (full 0):
 garbage-first heap   total 63488K, used 50715K [0x0000000080000000, 0x0000000100000000)
  region size 1024K, 18 young (18432K), 1 survivors (1024K)
 Metaspace       used 49975K, committed 50432K, reserved 1114112K
  class space    used 6859K, committed 7040K, reserved 1048576K
}
Event: 24.879 GC heap after
{Heap after GC invocations=21 (full 0):
 garbage-first heap   total 63488K, used 34193K [0x0000000080000000, 0x0000000100000000)
  region size 1024K, 2 young (2048K), 2 survivors (2048K)
 Metaspace       used 49975K, committed 50432K, reserved 1114112K
  class space    used 6859K, committed 7040K, reserved 1048576K
}
Event: 25.863 GC heap before
{Heap before GC invocations=21 (full 0):
 garbage-first heap   total 63488K, used 51601K [0x0000000080000000, 0x0000000100000000)
  region size 1024K, 19 young (19456K), 2 survivors (2048K)
 Metaspace       used 52014K, committed 52480K, reserved 1114112K
  class space    used 7218K, committed 7424K, reserved 1048576K
}
Event: 25.869 GC heap after
{Heap after GC invocations=22 (full 0):
 garbage-first heap   total 63488K, used 35045K [0x0000000080000000, 0x0000000100000000)
  region size 1024K, 2 young (2048K), 2 survivors (2048K)
 Metaspace       used 52014K, committed 52480K, reserved 1114112K
  class space    used 7218K, committed 7424K, reserved 1048576K
}
Event: 26.063 GC heap before
{Heap before GC invocations=23 (full 0):
 garbage-first heap   total 63488K, used 38117K [0x0000000080000000, 0x0000000100000000)
  region size 1024K, 7 young (7168K), 2 survivors (2048K)
 Metaspace       used 52398K, committed 52864K, reserved 1114112K
  class space    used 7273K, committed 7488K, reserved 1048576K
}
Event: 26.072 GC heap after
{Heap after GC invocations=24 (full 0):
 garbage-first heap   total 63488K, used 35613K [0x0000000080000000, 0x0000000100000000)
  region size 1024K, 2 young (2048K), 2 survivors (2048K)
 Metaspace       used 52398K, committed 52864K, reserved 1114112K
  class space    used 7273K, committed 7488K, reserved 1048576K
}
Event: 27.024 GC heap before
{Heap before GC invocations=25 (full 0):
 garbage-first heap   total 66560K, used 53021K [0x0000000080000000, 0x0000000100000000)
  region size 1024K, 17 young (17408K), 2 survivors (2048K)
 Metaspace       used 54708K, committed 55296K, reserved 1114112K
  class space    used 7519K, committed 7808K, reserved 1048576K
}
Event: 27.029 GC heap after
{Heap after GC invocations=26 (full 0):
 garbage-first heap   total 66560K, used 36179K [0x0000000080000000, 0x0000000100000000)
  region size 1024K, 2 young (2048K), 2 survivors (2048K)
 Metaspace       used 54708K, committed 55296K, reserved 1114112K
  class space    used 7519K, committed 7808K, reserved 1048576K
}
Event: 28.223 GC heap before
{Heap before GC invocations=26 (full 0):
 garbage-first heap   total 66560K, used 54611K [0x0000000080000000, 0x0000000100000000)
  region size 1024K, 20 young (20480K), 2 survivors (2048K)
 Metaspace       used 55921K, committed 56448K, reserved 1114112K
  class space    used 7666K, committed 7936K, reserved 1048576K
}
Event: 28.240 GC heap after
{Heap after GC invocations=27 (full 0):
 garbage-first heap   total 66560K, used 38519K [0x0000000080000000, 0x0000000100000000)
  region size 1024K, 3 young (3072K), 3 survivors (3072K)
 Metaspace       used 55921K, committed 56448K, reserved 1114112K
  class space    used 7666K, committed 7936K, reserved 1048576K
}

