# JRE version: OpenJDK Runtime Environment (17.0.10) (build 17.0.10+0--11609105)
# Java VM: OpenJDK 64-Bit Server VM (17.0.10+0--11609105, mixed mode, tiered, compressed oops, compressed class ptrs, g1 gc, windows-amd64)
GC Precious Log:
 CPUs: 4 total, 4 available
 Memory: 3891M
 Large Page Support: Disabled
 NUMA Support: Disabled
 Compressed Oops: Enabled (32-bit)
 Heap Region Size: 1M
 Heap Min Capacity: 8M
 Heap Initial Capacity: 62M
 Heap Max Capacity: 2G
 Pre-touch: Disabled
 Parallel Workers: 4
 Concurrent Workers: 1
 Concurrent Refinement Workers: 4
 Periodic GC: Disabled
Heap:
 garbage-first heap   total 63488K, used 37558K [0x0000000080000000, 0x0000000100000000)
  region size 1024K, 2 young (2048K), 2 survivors (2048K)
 Metaspace       used 55717K, committed 56256K, reserved 1114112K
  class space    used 7639K, committed 7872K, reserved 1048576K
GC Heap History (20 events):
Event: 12.511 GC heap after
{Heap after GC invocations=13 (full 0):
 garbage-first heap   total 63488K, used 28550K [0x0000000080000000, 0x0000000100000000)
  region size 1024K, 4 young (4096K), 4 survivors (4096K)
 Metaspace       used 41100K, committed 41472K, reserved 1114112K
  class space    used 5453K, committed 5632K, reserved 1048576K
}
Event: 12.856 GC heap before
{Heap before GC invocations=13 (full 0):
 garbage-first heap   total 63488K, used 49030K [0x0000000080000000, 0x0000000100000000)
  region size 1024K, 24 young (24576K), 4 survivors (4096K)
 Metaspace       used 41992K, committed 42368K, reserved 1114112K
  class space    used 5580K, committed 5760K, reserved 1048576K
}
Event: 12.867 GC heap after
{Heap after GC invocations=14 (full 0):
 garbage-first heap   total 63488K, used 30396K [0x0000000080000000, 0x0000000100000000)
  region size 1024K, 2 young (2048K), 2 survivors (2048K)
 Metaspace       used 41992K, committed 42368K, reserved 1114112K
  class space    used 5580K, committed 5760K, reserved 1048576K
}
Event: 13.315 GC heap before
{Heap before GC invocations=14 (full 0):
 garbage-first heap   total 63488K, used 49852K [0x0000000080000000, 0x0000000100000000)
  region size 1024K, 21 young (21504K), 2 survivors (2048K)
 Metaspace       used 43019K, committed 43392K, reserved 1114112K
  class space    used 5728K, committed 5888K, reserved 1048576K
}
Event: 13.320 GC heap after
{Heap after GC invocations=15 (full 0):
 garbage-first heap   total 63488K, used 31246K [0x0000000080000000, 0x0000000100000000)
  region size 1024K, 1 young (1024K), 1 survivors (1024K)
 Metaspace       used 43019K, committed 43392K, reserved 1114112K
  class space    used 5728K, committed 5888K, reserved 1048576K
}
Event: 14.017 GC heap before
{Heap before GC invocations=16 (full 0):
 garbage-first heap   total 63488K, used 50702K [0x0000000080000000, 0x0000000100000000)
  region size 1024K, 20 young (20480K), 1 survivors (1024K)
 Metaspace       used 45352K, committed 45760K, reserved 1114112K
  class space    used 6139K, committed 6336K, reserved 1048576K
}
Event: 14.020 GC heap after
{Heap after GC invocations=17 (full 0):
 garbage-first heap   total 63488K, used 32849K [0x0000000080000000, 0x0000000100000000)
  region size 1024K, 3 young (3072K), 3 survivors (3072K)
 Metaspace       used 45352K, committed 45760K, reserved 1114112K
  class space    used 6139K, committed 6336K, reserved 1048576K
}
Event: 14.777 GC heap before
{Heap before GC invocations=17 (full 0):
 garbage-first heap   total 63488K, used 49233K [0x0000000080000000, 0x0000000100000000)
  region size 1024K, 20 young (20480K), 3 survivors (3072K)
 Metaspace       used 47473K, committed 48000K, reserved 1114112K
  class space    used 6478K, committed 6720K, reserved 1048576K
}
Event: 14.785 GC heap after
{Heap after GC invocations=18 (full 0):
 garbage-first heap   total 63488K, used 33719K [0x0000000080000000, 0x0000000100000000)
  region size 1024K, 1 young (1024K), 1 survivors (1024K)
 Metaspace       used 47473K, committed 48000K, reserved 1114112K
  class space    used 6478K, committed 6720K, reserved 1048576K
}
Event: 15.430 GC heap before
{Heap before GC invocations=19 (full 0):
 garbage-first heap   total 63488K, used 50103K [0x0000000080000000, 0x0000000100000000)
  region size 1024K, 18 young (18432K), 1 survivors (1024K)
 Metaspace       used 49951K, committed 50368K, reserved 1114112K
  class space    used 6858K, committed 7040K, reserved 1048576K
}
Event: 15.434 GC heap after
{Heap after GC invocations=20 (full 0):
 garbage-first heap   total 63488K, used 34643K [0x0000000080000000, 0x0000000100000000)
  region size 1024K, 2 young (2048K), 2 survivors (2048K)
 Metaspace       used 49951K, committed 50368K, reserved 1114112K
  class space    used 6858K, committed 7040K, reserved 1048576K
}
Event: 15.467 GC heap before
{Heap before GC invocations=20 (full 0):
 garbage-first heap   total 63488K, used 35667K [0x0000000080000000, 0x0000000100000000)
  region size 1024K, 3 young (3072K), 2 survivors (2048K)
 Metaspace       used 50034K, committed 50496K, reserved 1114112K
  class space    used 6875K, committed 7104K, reserved 1048576K
}
Event: 15.474 GC heap after
{Heap after GC invocations=21 (full 0):
 garbage-first heap   total 63488K, used 34172K [0x0000000080000000, 0x0000000100000000)
  region size 1024K, 1 young (1024K), 1 survivors (1024K)
 Metaspace       used 50034K, committed 50496K, reserved 1114112K
  class space    used 6875K, committed 7104K, reserved 1048576K
}
Event: 16.428 GC heap before
{Heap before GC invocations=21 (full 0):
 garbage-first heap   total 63488K, used 49532K [0x0000000080000000, 0x0000000100000000)
  region size 1024K, 17 young (17408K), 1 survivors (1024K)
 Metaspace       used 52033K, committed 52480K, reserved 1114112K
  class space    used 7231K, committed 7424K, reserved 1048576K
}
Event: 16.430 GC heap after
{Heap after GC invocations=22 (full 0):
 garbage-first heap   total 63488K, used 34743K [0x0000000080000000, 0x0000000100000000)
  region size 1024K, 1 young (1024K), 1 survivors (1024K)
 Metaspace       used 52033K, committed 52480K, reserved 1114112K
  class space    used 7231K, committed 7424K, reserved 1048576K
}
Event: 17.456 GC heap before
{Heap before GC invocations=23 (full 0):
 garbage-first heap   total 63488K, used 52151K [0x0000000080000000, 0x0000000100000000)
  region size 1024K, 17 young (17408K), 1 survivors (1024K)
 Metaspace       used 54344K, committed 54912K, reserved 1114112K
  class space    used 7469K, committed 7744K, reserved 1048576K
}
Event: 17.462 GC heap after
{Heap after GC invocations=24 (full 0):
 garbage-first heap   total 63488K, used 35729K [0x0000000080000000, 0x0000000100000000)
  region size 1024K, 2 young (2048K), 2 survivors (2048K)
 Metaspace       used 54344K, committed 54912K, reserved 1114112K
  class space    used 7469K, committed 7744K, reserved 1048576K
}
Event: 17.501 GC heap before
{Heap before GC invocations=24 (full 0):
 garbage-first heap   total 63488K, used 36753K [0x0000000080000000, 0x0000000100000000)
  region size 1024K, 3 young (3072K), 2 survivors (2048K)
 Metaspace       used 54476K, committed 55040K, reserved 1114112K
  class space    used 7486K, committed 7744K, reserved 1048576K
}
Event: 17.507 GC heap after
{Heap after GC invocations=25 (full 0):
 garbage-first heap   total 63488K, used 35516K [0x0000000080000000, 0x0000000100000000)
  region size 1024K, 1 young (1024K), 1 survivors (1024K)
 Metaspace       used 54476K, committed 55040K, reserved 1114112K
  class space    used 7486K, committed 7744K, reserved 1048576K
}
Event: 18.829 GC heap before
{Heap before GC invocations=25 (full 0):
 garbage-first heap   total 63488K, used 50876K [0x0000000080000000, 0x0000000100000000)
  region size 1024K, 16 young (16384K), 1 survivors (1024K)
 Metaspace       used 55717K, committed 56256K, reserved 1114112K
  class space    used 7639K, committed 7872K, reserved 1048576K
}

