# JRE version: OpenJDK Runtime Environment (17.0.10) (build 17.0.10+0--11609105)
# Java VM: OpenJDK 64-Bit Server VM (17.0.10+0--11609105, mixed mode, tiered, compressed oops, compressed class ptrs, g1 gc, windows-amd64)
GC Precious Log:
 CPUs: 4 total, 4 available
 Memory: 3891M
 Large Page Support: Disabled
 NUMA Support: Disabled
 Compressed Oops: Enabled (32-bit)
 Heap Region Size: 1M
 Heap Min Capacity: 8M
 Heap Initial Capacity: 62M
 Heap Max Capacity: 2G
 Pre-touch: Disabled
 Parallel Workers: 4
 Concurrent Workers: 1
 Concurrent Refinement Workers: 4
 Periodic GC: Disabled
Heap:
 garbage-first heap   total 389120K, used 168250K [0x0000000080000000, 0x0000000100000000)
  region size 1024K, 12 young (12288K), 12 survivors (12288K)
 Metaspace       used 122860K, committed 123648K, reserved 1179648K
  class space    used 16949K, committed 17344K, reserved 1048576K
GC Heap History (20 events):
Event: 67.269 GC heap after
{Heap after GC invocations=70 (full 0):
 garbage-first heap   total 389120K, used 159575K [0x0000000080000000, 0x0000000100000000)
  region size 1024K, 12 young (12288K), 12 survivors (12288K)
 Metaspace       used 122441K, committed 123200K, reserved 1179648K
  class space    used 16927K, committed 17280K, reserved 1048576K
}
Event: 67.748 GC heap before
{Heap before GC invocations=70 (full 0):
 garbage-first heap   total 389120K, used 337751K [0x0000000080000000, 0x0000000100000000)
  region size 1024K, 186 young (190464K), 12 survivors (12288K)
 Metaspace       used 122493K, committed 123264K, reserved 1179648K
  class space    used 16929K, committed 17280K, reserved 1048576K
}
Event: 67.767 GC heap after
{Heap after GC invocations=71 (full 0):
 garbage-first heap   total 389120K, used 159575K [0x0000000080000000, 0x0000000100000000)
  region size 1024K, 12 young (12288K), 12 survivors (12288K)
 Metaspace       used 122493K, committed 123264K, reserved 1179648K
  class space    used 16929K, committed 17280K, reserved 1048576K
}
Event: 68.264 GC heap before
{Heap before GC invocations=71 (full 0):
 garbage-first heap   total 389120K, used 336727K [0x0000000080000000, 0x0000000100000000)
  region size 1024K, 186 young (190464K), 12 survivors (12288K)
 Metaspace       used 122535K, committed 123328K, reserved 1179648K
  class space    used 16929K, committed 17280K, reserved 1048576K
}
Event: 68.282 GC heap after
{Heap after GC invocations=72 (full 0):
 garbage-first heap   total 389120K, used 164183K [0x0000000080000000, 0x0000000100000000)
  region size 1024K, 17 young (17408K), 17 survivors (17408K)
 Metaspace       used 122535K, committed 123328K, reserved 1179648K
  class space    used 16929K, committed 17280K, reserved 1048576K
}
Event: 68.675 GC heap before
{Heap before GC invocations=72 (full 0):
 garbage-first heap   total 389120K, used 332119K [0x0000000080000000, 0x0000000100000000)
  region size 1024K, 181 young (185344K), 17 survivors (17408K)
 Metaspace       used 122556K, committed 123328K, reserved 1179648K
  class space    used 16930K, committed 17280K, reserved 1048576K
}
Event: 68.732 GC heap after
{Heap after GC invocations=73 (full 0):
 garbage-first heap   total 389120K, used 165690K [0x0000000080000000, 0x0000000100000000)
  region size 1024K, 11 young (11264K), 11 survivors (11264K)
 Metaspace       used 122556K, committed 123328K, reserved 1179648K
  class space    used 16930K, committed 17280K, reserved 1048576K
}
Event: 69.249 GC heap before
{Heap before GC invocations=73 (full 0):
 garbage-first heap   total 389120K, used 337722K [0x0000000080000000, 0x0000000100000000)
  region size 1024K, 179 young (183296K), 11 survivors (11264K)
 Metaspace       used 122627K, committed 123392K, reserved 1179648K
  class space    used 16934K, committed 17280K, reserved 1048576K
}
Event: 69.275 GC heap after
{Heap after GC invocations=74 (full 0):
 garbage-first heap   total 389120K, used 164666K [0x0000000080000000, 0x0000000100000000)
  region size 1024K, 10 young (10240K), 10 survivors (10240K)
 Metaspace       used 122627K, committed 123392K, reserved 1179648K
  class space    used 16934K, committed 17280K, reserved 1048576K
}
Event: 69.975 GC heap before
{Heap before GC invocations=74 (full 0):
 garbage-first heap   total 389120K, used 338746K [0x0000000080000000, 0x0000000100000000)
  region size 1024K, 180 young (184320K), 10 survivors (10240K)
 Metaspace       used 122634K, committed 123392K, reserved 1179648K
  class space    used 16934K, committed 17280K, reserved 1048576K
}
Event: 69.992 GC heap after
{Heap after GC invocations=75 (full 0):
 garbage-first heap   total 389120K, used 164154K [0x0000000080000000, 0x0000000100000000)
  region size 1024K, 9 young (9216K), 9 survivors (9216K)
 Metaspace       used 122634K, committed 123392K, reserved 1179648K
  class space    used 16934K, committed 17280K, reserved 1048576K
}
Event: 70.828 GC heap before
{Heap before GC invocations=75 (full 0):
 garbage-first heap   total 389120K, used 340282K [0x0000000080000000, 0x0000000100000000)
  region size 1024K, 181 young (185344K), 9 survivors (9216K)
 Metaspace       used 122677K, committed 123456K, reserved 1179648K
  class space    used 16934K, committed 17280K, reserved 1048576K
}
Event: 70.840 GC heap after
{Heap after GC invocations=76 (full 0):
 garbage-first heap   total 389120K, used 165178K [0x0000000080000000, 0x0000000100000000)
  region size 1024K, 10 young (10240K), 10 survivors (10240K)
 Metaspace       used 122677K, committed 123456K, reserved 1179648K
  class space    used 16934K, committed 17280K, reserved 1048576K
}
Event: 71.850 GC heap before
{Heap before GC invocations=76 (full 0):
 garbage-first heap   total 389120K, used 339258K [0x0000000080000000, 0x0000000100000000)
  region size 1024K, 180 young (184320K), 10 survivors (10240K)
 Metaspace       used 122715K, committed 123456K, reserved 1179648K
  class space    used 16934K, committed 17280K, reserved 1048576K
}
Event: 71.863 GC heap after
{Heap after GC invocations=77 (full 0):
 garbage-first heap   total 389120K, used 165099K [0x0000000080000000, 0x0000000100000000)
  region size 1024K, 10 young (10240K), 10 survivors (10240K)
 Metaspace       used 122715K, committed 123456K, reserved 1179648K
  class space    used 16934K, committed 17280K, reserved 1048576K
}
Event: 72.733 GC heap before
{Heap before GC invocations=77 (full 0):
 garbage-first heap   total 389120K, used 340203K [0x0000000080000000, 0x0000000100000000)
  region size 1024K, 180 young (184320K), 10 survivors (10240K)
 Metaspace       used 122803K, committed 123584K, reserved 1179648K
  class space    used 16941K, committed 17280K, reserved 1048576K
}
Event: 72.746 GC heap after
{Heap after GC invocations=78 (full 0):
 garbage-first heap   total 389120K, used 164154K [0x0000000080000000, 0x0000000100000000)
  region size 1024K, 9 young (9216K), 9 survivors (9216K)
 Metaspace       used 122803K, committed 123584K, reserved 1179648K
  class space    used 16941K, committed 17280K, reserved 1048576K
}
Event: 73.302 GC heap before
{Heap before GC invocations=78 (full 0):
 garbage-first heap   total 389120K, used 340282K [0x0000000080000000, 0x0000000100000000)
  region size 1024K, 181 young (185344K), 9 survivors (9216K)
 Metaspace       used 122809K, committed 123584K, reserved 1179648K
  class space    used 16941K, committed 17280K, reserved 1048576K
}
Event: 73.327 GC heap after
{Heap after GC invocations=79 (full 0):
 garbage-first heap   total 389120K, used 165025K [0x0000000080000000, 0x0000000100000000)
  region size 1024K, 10 young (10240K), 10 survivors (10240K)
 Metaspace       used 122809K, committed 123584K, reserved 1179648K
  class space    used 16941K, committed 17280K, reserved 1048576K
}
Event: 74.070 GC heap before
{Heap before GC invocations=79 (full 0):
 garbage-first heap   total 389120K, used 340129K [0x0000000080000000, 0x0000000100000000)
  region size 1024K, 180 young (184320K), 10 survivors (10240K)
 Metaspace       used 122860K, committed 123648K, reserved 1179648K
  class space    used 16949K, committed 17344K, reserved 1048576K
}

